{"C:\\Users\\hesha\\Desktop\\project irad septempet-october 2025-hesham al dandan\\syriana-student-app\\frontend\\src\\App.js": {"path":"C:\\Users\\hesha\\Desktop\\project irad septempet-october 2025-hesham al dandan\\syriana-student-app\\frontend\\src\\App.js","statementMap":{"0":{"start":{"line":28,"column":47},"end":{"line":28,"column":56}},"1":{"start":{"line":31,"column":2},"end":{"line":37,"column":3}},"2":{"start":{"line":32,"column":4},"end":{"line":36,"column":6}},"3":{"start":{"line":39,"column":2},"end":{"line":145,"column":4}}},"fnMap":{"0":{"name":"App","decl":{"start":{"line":27,"column":9},"end":{"line":27,"column":12}},"loc":{"start":{"line":27,"column":15},"end":{"line":146,"column":1}},"line":27}},"branchMap":{"0":{"loc":{"start":{"line":31,"column":2},"end":{"line":37,"column":3}},"type":"if","locations":[{"start":{"line":31,"column":2},"end":{"line":37,"column":3}},{"start":{},"end":{}}],"line":31},"1":{"loc":{"start":{"line":129,"column":12},"end":{"line":137,"column":13}},"type":"cond-expr","locations":[{"start":{"line":130,"column":14},"end":{"line":134,"column":15}},{"start":{"line":136,"column":14},"end":{"line":136,"column":46}}],"line":129},"2":{"loc":{"start":{"line":130,"column":14},"end":{"line":134,"column":15}},"type":"cond-expr","locations":[{"start":{"line":131,"column":16},"end":{"line":131,"column":48}},{"start":{"line":133,"column":16},"end":{"line":133,"column":50}}],"line":130}},"s":{"0":0,"1":0,"2":0,"3":0},"f":{"0":0},"b":{"0":[0,0],"1":[0,0],"2":[0,0]}}
,"C:\\Users\\hesha\\Desktop\\project irad septempet-october 2025-hesham al dandan\\syriana-student-app\\frontend\\src\\index.js": {"path":"C:\\Users\\hesha\\Desktop\\project irad septempet-october 2025-hesham al dandan\\syriana-student-app\\frontend\\src\\index.js","statementMap":{"0":{"start":{"line":12,"column":20},"end":{"line":20,"column":2}},"1":{"start":{"line":22,"column":13},"end":{"line":22,"column":65}},"2":{"start":{"line":24,"column":0},"end":{"line":57,"column":2}}},"fnMap":{},"branchMap":{},"s":{"0":0,"1":0,"2":0},"f":{},"b":{}}
,"C:\\Users\\hesha\\Desktop\\project irad septempet-october 2025-hesham al dandan\\syriana-student-app\\frontend\\src\\setupProxy.js": {"path":"C:\\Users\\hesha\\Desktop\\project irad septempet-october 2025-hesham al dandan\\syriana-student-app\\frontend\\src\\setupProxy.js","statementMap":{"0":{"start":{"line":1,"column":34},"end":{"line":1,"column":66}},"1":{"start":{"line":3,"column":0},"end":{"line":11,"column":2}},"2":{"start":{"line":4,"column":2},"end":{"line":10,"column":4}}},"fnMap":{"0":{"name":"(anonymous_0)","decl":{"start":{"line":3,"column":17},"end":{"line":3,"column":18}},"loc":{"start":{"line":3,"column":31},"end":{"line":11,"column":1}},"line":3}},"branchMap":{},"s":{"0":0,"1":0,"2":0},"f":{"0":0},"b":{}}
,"C:\\Users\\hesha\\Desktop\\project irad septempet-october 2025-hesham al dandan\\syriana-student-app\\frontend\\src\\components\\LoadingSpinner.js": {"path":"C:\\Users\\hesha\\Desktop\\project irad septempet-october 2025-hesham al dandan\\syriana-student-app\\frontend\\src\\components\\LoadingSpinner.js","statementMap":{"0":{"start":{"line":4,"column":23},"end":{"line":42,"column":1}},"1":{"start":{"line":10,"column":22},"end":{"line":15,"column":3}},"2":{"start":{"line":17,"column":23},"end":{"line":24,"column":3}},"3":{"start":{"line":26,"column":2},"end":{"line":41,"column":4}},"4":{"start":{"line":44,"column":0},"end":{"line":49,"column":2}}},"fnMap":{"0":{"name":"(anonymous_0)","decl":{"start":{"line":4,"column":23},"end":{"line":4,"column":24}},"loc":{"start":{"line":9,"column":6},"end":{"line":42,"column":1}},"line":9}},"branchMap":{"0":{"loc":{"start":{"line":5,"column":2},"end":{"line":5,"column":17}},"type":"default-arg","locations":[{"start":{"line":5,"column":9},"end":{"line":5,"column":17}}],"line":5},"1":{"loc":{"start":{"line":6,"column":2},"end":{"line":6,"column":16}},"type":"default-arg","locations":[{"start":{"line":6,"column":10},"end":{"line":6,"column":16}}],"line":6},"2":{"loc":{"start":{"line":7,"column":2},"end":{"line":7,"column":11}},"type":"default-arg","locations":[{"start":{"line":7,"column":9},"end":{"line":7,"column":11}}],"line":7},"3":{"loc":{"start":{"line":8,"column":2},"end":{"line":8,"column":16}},"type":"default-arg","locations":[{"start":{"line":8,"column":14},"end":{"line":8,"column":16}}],"line":8},"4":{"loc":{"start":{"line":35,"column":7},"end":{"line":39,"column":7}},"type":"binary-expr","locations":[{"start":{"line":35,"column":7},"end":{"line":35,"column":11}},{"start":{"line":36,"column":8},"end":{"line":38,"column":12}}],"line":35}},"s":{"0":1,"1":1,"2":1,"3":1,"4":1},"f":{"0":1},"b":{"0":[1],"1":[1],"2":[1],"3":[1],"4":[1,0]},"_coverageSchema":"1a1c01bbd47fc00a2c39e90264f33305004495a9","hash":"a86d8ea2fb025dc0c32892a8b3b55cc279659a10"}
,"C:\\Users\\hesha\\Desktop\\project irad septempet-october 2025-hesham al dandan\\syriana-student-app\\frontend\\src\\components\\ProtectedRoute.js": {"path":"C:\\Users\\hesha\\Desktop\\project irad septempet-october 2025-hesham al dandan\\syriana-student-app\\frontend\\src\\components\\ProtectedRoute.js","statementMap":{"0":{"start":{"line":5,"column":23},"end":{"line":29,"column":1}},"1":{"start":{"line":6,"column":47},"end":{"line":6,"column":56}},"2":{"start":{"line":8,"column":2},"end":{"line":14,"column":3}},"3":{"start":{"line":9,"column":4},"end":{"line":13,"column":6}},"4":{"start":{"line":16,"column":2},"end":{"line":18,"column":3}},"5":{"start":{"line":17,"column":4},"end":{"line":17,"column":52}},"6":{"start":{"line":20,"column":2},"end":{"line":22,"column":3}},"7":{"start":{"line":21,"column":4},"end":{"line":21,"column":20}},"8":{"start":{"line":24,"column":2},"end":{"line":26,"column":3}},"9":{"start":{"line":25,"column":4},"end":{"line":25,"column":52}},"10":{"start":{"line":28,"column":2},"end":{"line":28,"column":18}}},"fnMap":{"0":{"name":"(anonymous_0)","decl":{"start":{"line":5,"column":23},"end":{"line":5,"column":24}},"loc":{"start":{"line":5,"column":60},"end":{"line":29,"column":1}},"line":5}},"branchMap":{"0":{"loc":{"start":{"line":5,"column":36},"end":{"line":5,"column":53}},"type":"default-arg","locations":[{"start":{"line":5,"column":51},"end":{"line":5,"column":53}}],"line":5},"1":{"loc":{"start":{"line":8,"column":2},"end":{"line":14,"column":3}},"type":"if","locations":[{"start":{"line":8,"column":2},"end":{"line":14,"column":3}},{"start":{},"end":{}}],"line":8},"2":{"loc":{"start":{"line":16,"column":2},"end":{"line":18,"column":3}},"type":"if","locations":[{"start":{"line":16,"column":2},"end":{"line":18,"column":3}},{"start":{},"end":{}}],"line":16},"3":{"loc":{"start":{"line":20,"column":2},"end":{"line":22,"column":3}},"type":"if","locations":[{"start":{"line":20,"column":2},"end":{"line":22,"column":3}},{"start":{},"end":{}}],"line":20},"4":{"loc":{"start":{"line":24,"column":2},"end":{"line":26,"column":3}},"type":"if","locations":[{"start":{"line":24,"column":2},"end":{"line":26,"column":3}},{"start":{},"end":{}}],"line":24},"5":{"loc":{"start":{"line":24,"column":6},"end":{"line":24,"column":67}},"type":"binary-expr","locations":[{"start":{"line":24,"column":6},"end":{"line":24,"column":29}},{"start":{"line":24,"column":33},"end":{"line":24,"column":67}}],"line":24}},"s":{"0":0,"1":0,"2":0,"3":0,"4":0,"5":0,"6":0,"7":0,"8":0,"9":0,"10":0},"f":{"0":0},"b":{"0":[0],"1":[0,0],"2":[0,0],"3":[0,0],"4":[0,0],"5":[0,0]}}
,"C:\\Users\\hesha\\Desktop\\project irad septempet-october 2025-hesham al dandan\\syriana-student-app\\frontend\\src\\components\\PublicRoute.js": {"path":"C:\\Users\\hesha\\Desktop\\project irad septempet-october 2025-hesham al dandan\\syriana-student-app\\frontend\\src\\components\\PublicRoute.js","statementMap":{"0":{"start":{"line":5,"column":20},"end":{"line":21,"column":1}},"1":{"start":{"line":6,"column":41},"end":{"line":6,"column":50}},"2":{"start":{"line":8,"column":2},"end":{"line":14,"column":3}},"3":{"start":{"line":9,"column":4},"end":{"line":13,"column":6}},"4":{"start":{"line":16,"column":2},"end":{"line":18,"column":3}},"5":{"start":{"line":17,"column":4},"end":{"line":17,"column":48}},"6":{"start":{"line":20,"column":2},"end":{"line":20,"column":18}}},"fnMap":{"0":{"name":"(anonymous_0)","decl":{"start":{"line":5,"column":20},"end":{"line":5,"column":21}},"loc":{"start":{"line":5,"column":38},"end":{"line":21,"column":1}},"line":5}},"branchMap":{"0":{"loc":{"start":{"line":8,"column":2},"end":{"line":14,"column":3}},"type":"if","locations":[{"start":{"line":8,"column":2},"end":{"line":14,"column":3}},{"start":{},"end":{}}],"line":8},"1":{"loc":{"start":{"line":16,"column":2},"end":{"line":18,"column":3}},"type":"if","locations":[{"start":{"line":16,"column":2},"end":{"line":18,"column":3}},{"start":{},"end":{}}],"line":16}},"s":{"0":0,"1":0,"2":0,"3":0,"4":0,"5":0,"6":0},"f":{"0":0},"b":{"0":[0,0],"1":[0,0]}}
,"C:\\Users\\hesha\\Desktop\\project irad septempet-october 2025-hesham al dandan\\syriana-student-app\\frontend\\src\\context\\AuthContext.js": {"path":"C:\\Users\\hesha\\Desktop\\project irad septempet-october 2025-hesham al dandan\\syriana-student-app\\frontend\\src\\context\\AuthContext.js","statementMap":{"0":{"start":{"line":8,"column":21},"end":{"line":14,"column":1}},"1":{"start":{"line":20,"column":21},"end":{"line":30,"column":1}},"2":{"start":{"line":39,"column":20},"end":{"line":115,"column":1}},"3":{"start":{"line":40,"column":2},"end":{"line":114,"column":3}},"4":{"start":{"line":44,"column":6},"end":{"line":48,"column":8}},"5":{"start":{"line":52,"column":6},"end":{"line":52,"column":58}},"6":{"start":{"line":53,"column":6},"end":{"line":60,"column":8}},"7":{"start":{"line":64,"column":6},"end":{"line":70,"column":8}},"8":{"start":{"line":75,"column":6},"end":{"line":75,"column":39}},"9":{"start":{"line":76,"column":6},"end":{"line":83,"column":8}},"10":{"start":{"line":87,"column":6},"end":{"line":87,"column":39}},"11":{"start":{"line":88,"column":6},"end":{"line":95,"column":8}},"12":{"start":{"line":99,"column":6},"end":{"line":102,"column":8}},"13":{"start":{"line":106,"column":6},"end":{"line":109,"column":8}},"14":{"start":{"line":113,"column":6},"end":{"line":113,"column":19}},"15":{"start":{"line":118,"column":20},"end":{"line":118,"column":35}},"16":{"start":{"line":126,"column":23},"end":{"line":132,"column":1}},"17":{"start":{"line":127,"column":18},"end":{"line":127,"column":41}},"18":{"start":{"line":128,"column":2},"end":{"line":130,"column":3}},"19":{"start":{"line":129,"column":4},"end":{"line":129,"column":67}},"20":{"start":{"line":131,"column":2},"end":{"line":131,"column":17}},"21":{"start":{"line":142,"column":28},"end":{"line":338,"column":1}},"22":{"start":{"line":144,"column":28},"end":{"line":144,"column":65}},"23":{"start":{"line":150,"column":2},"end":{"line":177,"column":9}},"24":{"start":{"line":151,"column":21},"end":{"line":174,"column":5}},"25":{"start":{"line":152,"column":20},"end":{"line":152,"column":49}},"26":{"start":{"line":153,"column":6},"end":{"line":173,"column":7}},"27":{"start":{"line":154,"column":8},"end":{"line":166,"column":9}},"28":{"start":{"line":155,"column":10},"end":{"line":155,"column":59}},"29":{"start":{"line":156,"column":27},"end":{"line":156,"column":57}},"30":{"start":{"line":157,"column":10},"end":{"line":160,"column":13}},"31":{"start":{"line":162,"column":10},"end":{"line":165,"column":13}},"32":{"start":{"line":169,"column":8},"end":{"line":172,"column":11}},"33":{"start":{"line":176,"column":4},"end":{"line":176,"column":15}},"34":{"start":{"line":186,"column":16},"end":{"line":203,"column":8}},"35":{"start":{"line":187,"column":4},"end":{"line":202,"column":5}},"36":{"start":{"line":188,"column":6},"end":{"line":188,"column":51}},"37":{"start":{"line":189,"column":23},"end":{"line":189,"column":59}},"38":{"start":{"line":190,"column":6},"end":{"line":193,"column":9}},"39":{"start":{"line":194,"column":6},"end":{"line":194,"column":27}},"40":{"start":{"line":196,"column":27},"end":{"line":196,"column":74}},"41":{"start":{"line":197,"column":6},"end":{"line":200,"column":9}},"42":{"start":{"line":201,"column":6},"end":{"line":201,"column":18}},"43":{"start":{"line":215,"column":19},"end":{"line":232,"column":8}},"44":{"start":{"line":216,"column":4},"end":{"line":231,"column":5}},"45":{"start":{"line":217,"column":6},"end":{"line":217,"column":51}},"46":{"start":{"line":218,"column":23},"end":{"line":218,"column":59}},"47":{"start":{"line":219,"column":6},"end":{"line":222,"column":9}},"48":{"start":{"line":223,"column":6},"end":{"line":223,"column":27}},"49":{"start":{"line":225,"column":27},"end":{"line":225,"column":81}},"50":{"start":{"line":226,"column":6},"end":{"line":229,"column":9}},"51":{"start":{"line":230,"column":6},"end":{"line":230,"column":18}},"52":{"start":{"line":238,"column":17},"end":{"line":247,"column":8}},"53":{"start":{"line":239,"column":4},"end":{"line":246,"column":5}},"54":{"start":{"line":240,"column":6},"end":{"line":240,"column":33}},"55":{"start":{"line":242,"column":6},"end":{"line":242,"column":44}},"56":{"start":{"line":245,"column":6},"end":{"line":245,"column":46}},"57":{"start":{"line":254,"column":24},"end":{"line":261,"column":8}},"58":{"start":{"line":255,"column":21},"end":{"line":255,"column":65}},"59":{"start":{"line":256,"column":4},"end":{"line":259,"column":7}},"60":{"start":{"line":260,"column":4},"end":{"line":260,"column":25}},"61":{"start":{"line":270,"column":25},"end":{"line":273,"column":8}},"62":{"start":{"line":271,"column":21},"end":{"line":271,"column":67}},"63":{"start":{"line":272,"column":4},"end":{"line":272,"column":25}},"64":{"start":{"line":279,"column":21},"end":{"line":281,"column":8}},"65":{"start":{"line":280,"column":4},"end":{"line":280,"column":49}},"66":{"start":{"line":288,"column":18},"end":{"line":290,"column":24}},"67":{"start":{"line":289,"column":4},"end":{"line":289,"column":37}},"68":{"start":{"line":297,"column":21},"end":{"line":299,"column":24}},"69":{"start":{"line":298,"column":4},"end":{"line":298,"column":44}},"70":{"start":{"line":305,"column":18},"end":{"line":307,"column":24}},"71":{"start":{"line":306,"column":4},"end":{"line":306,"column":40}},"72":{"start":{"line":313,"column":20},"end":{"line":315,"column":24}},"73":{"start":{"line":314,"column":4},"end":{"line":314,"column":42}},"74":{"start":{"line":318,"column":16},"end":{"line":330,"column":123}},"75":{"start":{"line":318,"column":31},"end":{"line":330,"column":3}},"76":{"start":{"line":333,"column":2},"end":{"line":337,"column":4}}},"fnMap":{"0":{"name":"(anonymous_0)","decl":{"start":{"line":39,"column":20},"end":{"line":39,"column":21}},"loc":{"start":{"line":39,"column":39},"end":{"line":115,"column":1}},"line":39},"1":{"name":"(anonymous_1)","decl":{"start":{"line":126,"column":23},"end":{"line":126,"column":24}},"loc":{"start":{"line":126,"column":29},"end":{"line":132,"column":1}},"line":126},"2":{"name":"(anonymous_2)","decl":{"start":{"line":142,"column":28},"end":{"line":142,"column":29}},"loc":{"start":{"line":142,"column":46},"end":{"line":338,"column":1}},"line":142},"3":{"name":"(anonymous_3)","decl":{"start":{"line":150,"column":12},"end":{"line":150,"column":13}},"loc":{"start":{"line":150,"column":18},"end":{"line":177,"column":3}},"line":150},"4":{"name":"(anonymous_4)","decl":{"start":{"line":151,"column":21},"end":{"line":151,"column":22}},"loc":{"start":{"line":151,"column":33},"end":{"line":174,"column":5}},"line":151},"5":{"name":"(anonymous_5)","decl":{"start":{"line":186,"column":28},"end":{"line":186,"column":29}},"loc":{"start":{"line":186,"column":51},"end":{"line":203,"column":3}},"line":186},"6":{"name":"(anonymous_6)","decl":{"start":{"line":215,"column":31},"end":{"line":215,"column":32}},"loc":{"start":{"line":215,"column":51},"end":{"line":232,"column":3}},"line":215},"7":{"name":"(anonymous_7)","decl":{"start":{"line":238,"column":29},"end":{"line":238,"column":30}},"loc":{"start":{"line":238,"column":41},"end":{"line":247,"column":3}},"line":238},"8":{"name":"(anonymous_8)","decl":{"start":{"line":254,"column":36},"end":{"line":254,"column":37}},"loc":{"start":{"line":254,"column":59},"end":{"line":261,"column":3}},"line":254},"9":{"name":"(anonymous_9)","decl":{"start":{"line":270,"column":37},"end":{"line":270,"column":38}},"loc":{"start":{"line":270,"column":61},"end":{"line":273,"column":3}},"line":270},"10":{"name":"(anonymous_10)","decl":{"start":{"line":279,"column":33},"end":{"line":279,"column":34}},"loc":{"start":{"line":279,"column":39},"end":{"line":281,"column":3}},"line":279},"11":{"name":"(anonymous_11)","decl":{"start":{"line":288,"column":30},"end":{"line":288,"column":31}},"loc":{"start":{"line":288,"column":40},"end":{"line":290,"column":3}},"line":288},"12":{"name":"(anonymous_12)","decl":{"start":{"line":297,"column":33},"end":{"line":297,"column":34}},"loc":{"start":{"line":297,"column":44},"end":{"line":299,"column":3}},"line":297},"13":{"name":"(anonymous_13)","decl":{"start":{"line":305,"column":30},"end":{"line":305,"column":31}},"loc":{"start":{"line":305,"column":36},"end":{"line":307,"column":3}},"line":305},"14":{"name":"(anonymous_14)","decl":{"start":{"line":313,"column":32},"end":{"line":313,"column":33}},"loc":{"start":{"line":313,"column":38},"end":{"line":315,"column":3}},"line":313},"15":{"name":"(anonymous_15)","decl":{"start":{"line":318,"column":24},"end":{"line":318,"column":25}},"loc":{"start":{"line":318,"column":31},"end":{"line":330,"column":3}},"line":318}},"branchMap":{"0":{"loc":{"start":{"line":40,"column":2},"end":{"line":114,"column":3}},"type":"switch","locations":[{"start":{"line":42,"column":4},"end":{"line":42,"column":34}},{"start":{"line":43,"column":4},"end":{"line":48,"column":8}},{"start":{"line":51,"column":4},"end":{"line":60,"column":8}},{"start":{"line":63,"column":4},"end":{"line":70,"column":8}},{"start":{"line":73,"column":4},"end":{"line":73,"column":36}},{"start":{"line":74,"column":4},"end":{"line":83,"column":8}},{"start":{"line":86,"column":4},"end":{"line":95,"column":8}},{"start":{"line":98,"column":4},"end":{"line":102,"column":8}},{"start":{"line":105,"column":4},"end":{"line":109,"column":8}},{"start":{"line":112,"column":4},"end":{"line":113,"column":19}}],"line":40},"1":{"loc":{"start":{"line":128,"column":2},"end":{"line":130,"column":3}},"type":"if","locations":[{"start":{"line":128,"column":2},"end":{"line":130,"column":3}},{"start":{},"end":{}}],"line":128},"2":{"loc":{"start":{"line":153,"column":6},"end":{"line":173,"column":7}},"type":"if","locations":[{"start":{"line":153,"column":6},"end":{"line":173,"column":7}},{"start":{"line":167,"column":13},"end":{"line":173,"column":7}}],"line":153},"3":{"loc":{"start":{"line":164,"column":21},"end":{"line":164,"column":75}},"type":"binary-expr","locations":[{"start":{"line":164,"column":21},"end":{"line":164,"column":50}},{"start":{"line":164,"column":54},"end":{"line":164,"column":75}}],"line":164},"4":{"loc":{"start":{"line":196,"column":27},"end":{"line":196,"column":74}},"type":"binary-expr","locations":[{"start":{"line":196,"column":27},"end":{"line":196,"column":56}},{"start":{"line":196,"column":60},"end":{"line":196,"column":74}}],"line":196},"5":{"loc":{"start":{"line":225,"column":27},"end":{"line":225,"column":81}},"type":"binary-expr","locations":[{"start":{"line":225,"column":27},"end":{"line":225,"column":56}},{"start":{"line":225,"column":60},"end":{"line":225,"column":81}}],"line":225}},"s":{"0":0,"1":0,"2":0,"3":0,"4":0,"5":0,"6":0,"7":0,"8":0,"9":0,"10":0,"11":0,"12":0,"13":0,"14":0,"15":0,"16":0,"17":0,"18":0,"19":0,"20":0,"21":0,"22":0,"23":0,"24":0,"25":0,"26":0,"27":0,"28":0,"29":0,"30":0,"31":0,"32":0,"33":0,"34":0,"35":0,"36":0,"37":0,"38":0,"39":0,"40":0,"41":0,"42":0,"43":0,"44":0,"45":0,"46":0,"47":0,"48":0,"49":0,"50":0,"51":0,"52":0,"53":0,"54":0,"55":0,"56":0,"57":0,"58":0,"59":0,"60":0,"61":0,"62":0,"63":0,"64":0,"65":0,"66":0,"67":0,"68":0,"69":0,"70":0,"71":0,"72":0,"73":0,"74":0,"75":0,"76":0},"f":{"0":0,"1":0,"2":0,"3":0,"4":0,"5":0,"6":0,"7":0,"8":0,"9":0,"10":0,"11":0,"12":0,"13":0,"14":0,"15":0},"b":{"0":[0,0,0,0,0,0,0,0,0,0],"1":[0,0],"2":[0,0],"3":[0,0],"4":[0,0],"5":[0,0]}}
,"C:\\Users\\hesha\\Desktop\\project irad septempet-october 2025-hesham al dandan\\syriana-student-app\\frontend\\src\\pages\\AdminLoginPage.js": {"path":"C:\\Users\\hesha\\Desktop\\project irad septempet-october 2025-hesham al dandan\\syriana-student-app\\frontend\\src\\pages\\AdminLoginPage.js","statementMap":{"0":{"start":{"line":7,"column":23},"end":{"line":354,"column":1}},"1":{"start":{"line":8,"column":34},"end":{"line":11,"column":4}},"2":{"start":{"line":12,"column":36},"end":{"line":12,"column":51}},"3":{"start":{"line":13,"column":30},"end":{"line":13,"column":42}},"4":{"start":{"line":14,"column":42},"end":{"line":14,"column":57}},"5":{"start":{"line":15,"column":44},"end":{"line":15,"column":55}},"6":{"start":{"line":17,"column":20},"end":{"line":17,"column":29}},"7":{"start":{"line":18,"column":19},"end":{"line":18,"column":32}},"8":{"start":{"line":21,"column":2},"end":{"line":33,"column":17}},"9":{"start":{"line":22,"column":22},"end":{"line":22,"column":24}},"10":{"start":{"line":24,"column":4},"end":{"line":26,"column":5}},"11":{"start":{"line":25,"column":6},"end":{"line":25,"column":61}},"12":{"start":{"line":28,"column":4},"end":{"line":30,"column":5}},"13":{"start":{"line":29,"column":6},"end":{"line":29,"column":68}},"14":{"start":{"line":32,"column":4},"end":{"line":32,"column":25}},"15":{"start":{"line":35,"column":23},"end":{"line":49,"column":3}},"16":{"start":{"line":36,"column":28},"end":{"line":36,"column":36}},"17":{"start":{"line":37,"column":4},"end":{"line":40,"column":8}},"18":{"start":{"line":37,"column":25},"end":{"line":40,"column":5}},"19":{"start":{"line":43,"column":4},"end":{"line":48,"column":5}},"20":{"start":{"line":44,"column":6},"end":{"line":47,"column":10}},"21":{"start":{"line":44,"column":25},"end":{"line":47,"column":7}},"22":{"start":{"line":51,"column":23},"end":{"line":86,"column":3}},"23":{"start":{"line":52,"column":4},"end":{"line":52,"column":23}},"24":{"start":{"line":55,"column":4},"end":{"line":58,"column":5}},"25":{"start":{"line":55,"column":44},"end":{"line":55,"column":49}},"26":{"start":{"line":56,"column":6},"end":{"line":56,"column":66}},"27":{"start":{"line":57,"column":6},"end":{"line":57,"column":13}},"28":{"start":{"line":60,"column":4},"end":{"line":63,"column":5}},"29":{"start":{"line":61,"column":6},"end":{"line":61,"column":47}},"30":{"start":{"line":62,"column":6},"end":{"line":62,"column":13}},"31":{"start":{"line":65,"column":4},"end":{"line":65,"column":23}},"32":{"start":{"line":67,"column":4},"end":{"line":85,"column":5}},"33":{"start":{"line":68,"column":6},"end":{"line":68,"column":28}},"34":{"start":{"line":69,"column":6},"end":{"line":69,"column":47}},"35":{"start":{"line":70,"column":6},"end":{"line":70,"column":26}},"36":{"start":{"line":71,"column":6},"end":{"line":71,"column":29}},"37":{"start":{"line":73,"column":26},"end":{"line":73,"column":43}},"38":{"start":{"line":74,"column":6},"end":{"line":74,"column":36}},"39":{"start":{"line":76,"column":27},"end":{"line":76,"column":80}},"40":{"start":{"line":78,"column":6},"end":{"line":82,"column":7}},"41":{"start":{"line":79,"column":8},"end":{"line":79,"column":86}},"42":{"start":{"line":81,"column":8},"end":{"line":81,"column":67}},"43":{"start":{"line":84,"column":6},"end":{"line":84,"column":26}},"44":{"start":{"line":88,"column":32},"end":{"line":106,"column":3}},"45":{"start":{"line":89,"column":4},"end":{"line":89,"column":23}},"46":{"start":{"line":90,"column":4},"end":{"line":105,"column":5}},"47":{"start":{"line":91,"column":6},"end":{"line":94,"column":9}},"48":{"start":{"line":95,"column":6},"end":{"line":95,"column":47}},"49":{"start":{"line":96,"column":6},"end":{"line":96,"column":26}},"50":{"start":{"line":97,"column":6},"end":{"line":97,"column":29}},"51":{"start":{"line":99,"column":26},"end":{"line":99,"column":43}},"52":{"start":{"line":100,"column":6},"end":{"line":100,"column":36}},"53":{"start":{"line":101,"column":27},"end":{"line":101,"column":80}},"54":{"start":{"line":102,"column":6},"end":{"line":102,"column":32}},"55":{"start":{"line":104,"column":6},"end":{"line":104,"column":26}},"56":{"start":{"line":108,"column":2},"end":{"line":353,"column":4}},"57":{"start":{"line":234,"column":33},"end":{"line":234,"column":63}},"58":{"start":{"line":261,"column":73},"end":{"line":261,"column":78}}},"fnMap":{"0":{"name":"(anonymous_0)","decl":{"start":{"line":7,"column":23},"end":{"line":7,"column":24}},"loc":{"start":{"line":7,"column":29},"end":{"line":354,"column":1}},"line":7},"1":{"name":"(anonymous_1)","decl":{"start":{"line":21,"column":12},"end":{"line":21,"column":13}},"loc":{"start":{"line":21,"column":18},"end":{"line":33,"column":3}},"line":21},"2":{"name":"(anonymous_2)","decl":{"start":{"line":35,"column":23},"end":{"line":35,"column":24}},"loc":{"start":{"line":35,"column":30},"end":{"line":49,"column":3}},"line":35},"3":{"name":"(anonymous_3)","decl":{"start":{"line":37,"column":16},"end":{"line":37,"column":17}},"loc":{"start":{"line":37,"column":25},"end":{"line":40,"column":5}},"line":37},"4":{"name":"(anonymous_4)","decl":{"start":{"line":44,"column":16},"end":{"line":44,"column":17}},"loc":{"start":{"line":44,"column":25},"end":{"line":47,"column":7}},"line":44},"5":{"name":"(anonymous_5)","decl":{"start":{"line":51,"column":23},"end":{"line":51,"column":24}},"loc":{"start":{"line":51,"column":36},"end":{"line":86,"column":3}},"line":51},"6":{"name":"(anonymous_6)","decl":{"start":{"line":55,"column":35},"end":{"line":55,"column":36}},"loc":{"start":{"line":55,"column":44},"end":{"line":55,"column":49}},"line":55},"7":{"name":"(anonymous_7)","decl":{"start":{"line":88,"column":32},"end":{"line":88,"column":33}},"loc":{"start":{"line":88,"column":44},"end":{"line":106,"column":3}},"line":88},"8":{"name":"(anonymous_8)","decl":{"start":{"line":234,"column":27},"end":{"line":234,"column":28}},"loc":{"start":{"line":234,"column":33},"end":{"line":234,"column":63}},"line":234},"9":{"name":"(anonymous_9)","decl":{"start":{"line":261,"column":64},"end":{"line":261,"column":65}},"loc":{"start":{"line":261,"column":73},"end":{"line":261,"column":78}},"line":261}},"branchMap":{"0":{"loc":{"start":{"line":24,"column":4},"end":{"line":26,"column":5}},"type":"if","locations":[{"start":{"line":24,"column":4},"end":{"line":26,"column":5}},{"start":{},"end":{}}],"line":24},"1":{"loc":{"start":{"line":24,"column":8},"end":{"line":24,"column":62}},"type":"binary-expr","locations":[{"start":{"line":24,"column":8},"end":{"line":24,"column":22}},{"start":{"line":24,"column":26},"end":{"line":24,"column":62}}],"line":24},"2":{"loc":{"start":{"line":28,"column":4},"end":{"line":30,"column":5}},"type":"if","locations":[{"start":{"line":28,"column":4},"end":{"line":30,"column":5}},{"start":{},"end":{}}],"line":28},"3":{"loc":{"start":{"line":28,"column":8},"end":{"line":28,"column":57}},"type":"binary-expr","locations":[{"start":{"line":28,"column":8},"end":{"line":28,"column":25}},{"start":{"line":28,"column":29},"end":{"line":28,"column":57}}],"line":28},"4":{"loc":{"start":{"line":43,"column":4},"end":{"line":48,"column":5}},"type":"if","locations":[{"start":{"line":43,"column":4},"end":{"line":48,"column":5}},{"start":{},"end":{}}],"line":43},"5":{"loc":{"start":{"line":55,"column":4},"end":{"line":58,"column":5}},"type":"if","locations":[{"start":{"line":55,"column":4},"end":{"line":58,"column":5}},{"start":{},"end":{}}],"line":55},"6":{"loc":{"start":{"line":60,"column":4},"end":{"line":63,"column":5}},"type":"if","locations":[{"start":{"line":60,"column":4},"end":{"line":63,"column":5}},{"start":{},"end":{}}],"line":60},"7":{"loc":{"start":{"line":60,"column":8},"end":{"line":60,"column":45}},"type":"binary-expr","locations":[{"start":{"line":60,"column":8},"end":{"line":60,"column":23}},{"start":{"line":60,"column":27},"end":{"line":60,"column":45}}],"line":60},"8":{"loc":{"start":{"line":76,"column":27},"end":{"line":76,"column":80}},"type":"binary-expr","locations":[{"start":{"line":76,"column":27},"end":{"line":76,"column":56}},{"start":{"line":76,"column":60},"end":{"line":76,"column":80}}],"line":76},"9":{"loc":{"start":{"line":78,"column":6},"end":{"line":82,"column":7}},"type":"if","locations":[{"start":{"line":78,"column":6},"end":{"line":82,"column":7}},{"start":{"line":80,"column":13},"end":{"line":82,"column":7}}],"line":78},"10":{"loc":{"start":{"line":101,"column":27},"end":{"line":101,"column":80}},"type":"binary-expr","locations":[{"start":{"line":101,"column":27},"end":{"line":101,"column":56}},{"start":{"line":101,"column":60},"end":{"line":101,"column":80}}],"line":101},"11":{"loc":{"start":{"line":119,"column":9},"end":{"line":134,"column":9}},"type":"binary-expr","locations":[{"start":{"line":119,"column":9},"end":{"line":119,"column":27}},{"start":{"line":120,"column":10},"end":{"line":133,"column":16}}],"line":119},"12":{"loc":{"start":{"line":182,"column":20},"end":{"line":182,"column":92}},"type":"cond-expr","locations":[{"start":{"line":182,"column":35},"end":{"line":182,"column":70}},{"start":{"line":182,"column":73},"end":{"line":182,"column":92}}],"line":182},"13":{"loc":{"start":{"line":188,"column":17},"end":{"line":200,"column":17}},"type":"binary-expr","locations":[{"start":{"line":188,"column":17},"end":{"line":188,"column":31}},{"start":{"line":189,"column":18},"end":{"line":199,"column":24}}],"line":188},"14":{"loc":{"start":{"line":190,"column":21},"end":{"line":198,"column":21}},"type":"cond-expr","locations":[{"start":{"line":191,"column":22},"end":{"line":193,"column":28}},{"start":{"line":195,"column":22},"end":{"line":197,"column":28}}],"line":190},"15":{"loc":{"start":{"line":202,"column":15},"end":{"line":209,"column":15}},"type":"binary-expr","locations":[{"start":{"line":202,"column":15},"end":{"line":202,"column":27}},{"start":{"line":203,"column":16},"end":{"line":208,"column":20}}],"line":202},"16":{"loc":{"start":{"line":221,"column":24},"end":{"line":221,"column":58}},"type":"cond-expr","locations":[{"start":{"line":221,"column":39},"end":{"line":221,"column":45}},{"start":{"line":221,"column":48},"end":{"line":221,"column":58}}],"line":221},"17":{"loc":{"start":{"line":225,"column":20},"end":{"line":225,"column":95}},"type":"cond-expr","locations":[{"start":{"line":225,"column":38},"end":{"line":225,"column":73}},{"start":{"line":225,"column":76},"end":{"line":225,"column":95}}],"line":225},"18":{"loc":{"start":{"line":236,"column":19},"end":{"line":245,"column":19}},"type":"cond-expr","locations":[{"start":{"line":237,"column":20},"end":{"line":239,"column":26}},{"start":{"line":241,"column":20},"end":{"line":244,"column":26}}],"line":236},"19":{"loc":{"start":{"line":248,"column":15},"end":{"line":255,"column":15}},"type":"binary-expr","locations":[{"start":{"line":248,"column":15},"end":{"line":248,"column":30}},{"start":{"line":249,"column":16},"end":{"line":254,"column":20}}],"line":248},"20":{"loc":{"start":{"line":261,"column":24},"end":{"line":261,"column":79}},"type":"binary-expr","locations":[{"start":{"line":261,"column":24},"end":{"line":261,"column":33}},{"start":{"line":261,"column":37},"end":{"line":261,"column":79}}],"line":261},"21":{"loc":{"start":{"line":264,"column":15},"end":{"line":276,"column":15}},"type":"cond-expr","locations":[{"start":{"line":265,"column":16},"end":{"line":268,"column":22}},{"start":{"line":270,"column":16},"end":{"line":275,"column":19}}],"line":264},"22":{"loc":{"start":{"line":298,"column":17},"end":{"line":308,"column":17}},"type":"cond-expr","locations":[{"start":{"line":299,"column":18},"end":{"line":299,"column":49}},{"start":{"line":301,"column":18},"end":{"line":307,"column":21}}],"line":298}},"s":{"0":0,"1":0,"2":0,"3":0,"4":0,"5":0,"6":0,"7":0,"8":0,"9":0,"10":0,"11":0,"12":0,"13":0,"14":0,"15":0,"16":0,"17":0,"18":0,"19":0,"20":0,"21":0,"22":0,"23":0,"24":0,"25":0,"26":0,"27":0,"28":0,"29":0,"30":0,"31":0,"32":0,"33":0,"34":0,"35":0,"36":0,"37":0,"38":0,"39":0,"40":0,"41":0,"42":0,"43":0,"44":0,"45":0,"46":0,"47":0,"48":0,"49":0,"50":0,"51":0,"52":0,"53":0,"54":0,"55":0,"56":0,"57":0,"58":0},"f":{"0":0,"1":0,"2":0,"3":0,"4":0,"5":0,"6":0,"7":0,"8":0,"9":0},"b":{"0":[0,0],"1":[0,0],"2":[0,0],"3":[0,0],"4":[0,0],"5":[0,0],"6":[0,0],"7":[0,0],"8":[0,0],"9":[0,0],"10":[0,0],"11":[0,0],"12":[0,0],"13":[0,0],"14":[0,0],"15":[0,0],"16":[0,0],"17":[0,0],"18":[0,0],"19":[0,0],"20":[0,0],"21":[0,0],"22":[0,0]}}
,"C:\\Users\\hesha\\Desktop\\project irad septempet-october 2025-hesham al dandan\\syriana-student-app\\frontend\\src\\pages\\AdminPage.js": {"path":"C:\\Users\\hesha\\Desktop\\project irad septempet-october 2025-hesham al dandan\\syriana-student-app\\frontend\\src\\pages\\AdminPage.js","statementMap":{"0":{"start":{"line":7,"column":18},"end":{"line":536,"column":1}},"1":{"start":{"line":8,"column":21},"end":{"line":8,"column":30}},"2":{"start":{"line":9,"column":34},"end":{"line":9,"column":46}},"3":{"start":{"line":10,"column":32},"end":{"line":10,"column":46}},"4":{"start":{"line":11,"column":46},"end":{"line":11,"column":60}},"5":{"start":{"line":12,"column":50},"end":{"line":12,"column":65}},"6":{"start":{"line":13,"column":48},"end":{"line":13,"column":63}},"7":{"start":{"line":14,"column":34},"end":{"line":25,"column":4}},"8":{"start":{"line":27,"column":50},"end":{"line":38,"column":4}},"9":{"start":{"line":40,"column":2},"end":{"line":42,"column":9}},"10":{"start":{"line":41,"column":4},"end":{"line":41,"column":20}},"11":{"start":{"line":44,"column":24},"end":{"line":53,"column":3}},"12":{"start":{"line":45,"column":4},"end":{"line":52,"column":5}},"13":{"start":{"line":46,"column":23},"end":{"line":46,"column":46}},"14":{"start":{"line":47,"column":6},"end":{"line":47,"column":38}},"15":{"start":{"line":49,"column":6},"end":{"line":49,"column":55}},"16":{"start":{"line":51,"column":6},"end":{"line":51,"column":24}},"17":{"start":{"line":55,"column":21},"end":{"line":66,"column":3}},"18":{"start":{"line":56,"column":4},"end":{"line":56,"column":31}},"19":{"start":{"line":57,"column":4},"end":{"line":65,"column":7}},"20":{"start":{"line":68,"column":23},"end":{"line":77,"column":3}},"21":{"start":{"line":69,"column":4},"end":{"line":69,"column":23}},"22":{"start":{"line":70,"column":4},"end":{"line":76,"column":5}},"23":{"start":{"line":71,"column":6},"end":{"line":71,"column":62}},"24":{"start":{"line":72,"column":6},"end":{"line":72,"column":30}},"25":{"start":{"line":73,"column":6},"end":{"line":73,"column":22}},"26":{"start":{"line":75,"column":6},"end":{"line":75,"column":54}},"27":{"start":{"line":79,"column":23},"end":{"line":88,"column":3}},"28":{"start":{"line":80,"column":4},"end":{"line":87,"column":5}},"29":{"start":{"line":81,"column":6},"end":{"line":86,"column":7}},"30":{"start":{"line":82,"column":8},"end":{"line":82,"column":41}},"31":{"start":{"line":83,"column":8},"end":{"line":83,"column":24}},"32":{"start":{"line":85,"column":8},"end":{"line":85,"column":56}},"33":{"start":{"line":90,"column":32},"end":{"line":141,"column":3}},"34":{"start":{"line":91,"column":4},"end":{"line":91,"column":23}},"35":{"start":{"line":94,"column":4},"end":{"line":97,"column":5}},"36":{"start":{"line":95,"column":6},"end":{"line":95,"column":44}},"37":{"start":{"line":96,"column":6},"end":{"line":96,"column":13}},"38":{"start":{"line":99,"column":4},"end":{"line":102,"column":5}},"39":{"start":{"line":100,"column":6},"end":{"line":100,"column":65}},"40":{"start":{"line":101,"column":6},"end":{"line":101,"column":13}},"41":{"start":{"line":104,"column":4},"end":{"line":104,"column":29}},"42":{"start":{"line":106,"column":4},"end":{"line":140,"column":5}},"43":{"start":{"line":107,"column":31},"end":{"line":117,"column":7}},"44":{"start":{"line":119,"column":6},"end":{"line":119,"column":57}},"45":{"start":{"line":120,"column":6},"end":{"line":120,"column":56}},"46":{"start":{"line":121,"column":6},"end":{"line":121,"column":33}},"47":{"start":{"line":122,"column":6},"end":{"line":133,"column":9}},"48":{"start":{"line":134,"column":6},"end":{"line":134,"column":22}},"49":{"start":{"line":136,"column":27},"end":{"line":136,"column":88}},"50":{"start":{"line":137,"column":6},"end":{"line":137,"column":32}},"51":{"start":{"line":139,"column":6},"end":{"line":139,"column":32}},"52":{"start":{"line":143,"column":27},"end":{"line":154,"column":3}},"53":{"start":{"line":144,"column":18},"end":{"line":144,"column":90}},"54":{"start":{"line":145,"column":19},"end":{"line":145,"column":21}},"55":{"start":{"line":146,"column":4},"end":{"line":148,"column":5}},"56":{"start":{"line":146,"column":17},"end":{"line":146,"column":18}},"57":{"start":{"line":147,"column":6},"end":{"line":147,"column":73}},"58":{"start":{"line":149,"column":4},"end":{"line":153,"column":8}},"59":{"start":{"line":149,"column":33},"end":{"line":153,"column":5}},"60":{"start":{"line":156,"column":2},"end":{"line":158,"column":3}},"61":{"start":{"line":157,"column":4},"end":{"line":157,"column":62}},"62":{"start":{"line":160,"column":2},"end":{"line":535,"column":4}},"63":{"start":{"line":202,"column":31},"end":{"line":202,"column":69}},"64":{"start":{"line":237,"column":20},"end":{"line":259,"column":25}},"65":{"start":{"line":247,"column":41},"end":{"line":247,"column":60}},"66":{"start":{"line":253,"column":41},"end":{"line":253,"column":66}},"67":{"start":{"line":281,"column":39},"end":{"line":281,"column":108}},"68":{"start":{"line":291,"column":39},"end":{"line":291,"column":107}},"69":{"start":{"line":301,"column":39},"end":{"line":301,"column":104}},"70":{"start":{"line":310,"column":39},"end":{"line":310,"column":103}},"71":{"start":{"line":322,"column":39},"end":{"line":322,"column":108}},"72":{"start":{"line":331,"column":39},"end":{"line":331,"column":104}},"73":{"start":{"line":340,"column":39},"end":{"line":340,"column":109}},"74":{"start":{"line":348,"column":39},"end":{"line":348,"column":111}},"75":{"start":{"line":381,"column":41},"end":{"line":381,"column":109}},"76":{"start":{"line":392,"column":41},"end":{"line":392,"column":116}},"77":{"start":{"line":426,"column":35},"end":{"line":426,"column":61}},"78":{"start":{"line":446,"column":39},"end":{"line":446,"column":92}},"79":{"start":{"line":456,"column":39},"end":{"line":456,"column":91}},"80":{"start":{"line":466,"column":39},"end":{"line":466,"column":88}},"81":{"start":{"line":476,"column":39},"end":{"line":476,"column":92}},"82":{"start":{"line":485,"column":39},"end":{"line":485,"column":88}},"83":{"start":{"line":494,"column":39},"end":{"line":494,"column":93}},"84":{"start":{"line":502,"column":39},"end":{"line":502,"column":95}},"85":{"start":{"line":523,"column":35},"end":{"line":523,"column":58}}},"fnMap":{"0":{"name":"(anonymous_0)","decl":{"start":{"line":7,"column":18},"end":{"line":7,"column":19}},"loc":{"start":{"line":7,"column":24},"end":{"line":536,"column":1}},"line":7},"1":{"name":"(anonymous_1)","decl":{"start":{"line":40,"column":12},"end":{"line":40,"column":13}},"loc":{"start":{"line":40,"column":18},"end":{"line":42,"column":3}},"line":40},"2":{"name":"(anonymous_2)","decl":{"start":{"line":44,"column":24},"end":{"line":44,"column":25}},"loc":{"start":{"line":44,"column":36},"end":{"line":53,"column":3}},"line":44},"3":{"name":"(anonymous_3)","decl":{"start":{"line":55,"column":21},"end":{"line":55,"column":22}},"loc":{"start":{"line":55,"column":34},"end":{"line":66,"column":3}},"line":55},"4":{"name":"(anonymous_4)","decl":{"start":{"line":68,"column":23},"end":{"line":68,"column":24}},"loc":{"start":{"line":68,"column":36},"end":{"line":77,"column":3}},"line":68},"5":{"name":"(anonymous_5)","decl":{"start":{"line":79,"column":23},"end":{"line":79,"column":24}},"loc":{"start":{"line":79,"column":37},"end":{"line":88,"column":3}},"line":79},"6":{"name":"(anonymous_6)","decl":{"start":{"line":90,"column":32},"end":{"line":90,"column":33}},"loc":{"start":{"line":90,"column":45},"end":{"line":141,"column":3}},"line":90},"7":{"name":"(anonymous_7)","decl":{"start":{"line":143,"column":27},"end":{"line":143,"column":28}},"loc":{"start":{"line":143,"column":33},"end":{"line":154,"column":3}},"line":143},"8":{"name":"(anonymous_8)","decl":{"start":{"line":149,"column":24},"end":{"line":149,"column":25}},"loc":{"start":{"line":149,"column":33},"end":{"line":153,"column":5}},"line":149},"9":{"name":"(anonymous_9)","decl":{"start":{"line":202,"column":25},"end":{"line":202,"column":26}},"loc":{"start":{"line":202,"column":31},"end":{"line":202,"column":69}},"line":202},"10":{"name":"(anonymous_10)","decl":{"start":{"line":236,"column":32},"end":{"line":236,"column":33}},"loc":{"start":{"line":237,"column":20},"end":{"line":259,"column":25}},"line":237},"11":{"name":"(anonymous_11)","decl":{"start":{"line":247,"column":35},"end":{"line":247,"column":36}},"loc":{"start":{"line":247,"column":41},"end":{"line":247,"column":60}},"line":247},"12":{"name":"(anonymous_12)","decl":{"start":{"line":253,"column":35},"end":{"line":253,"column":36}},"loc":{"start":{"line":253,"column":41},"end":{"line":253,"column":66}},"line":253},"13":{"name":"(anonymous_13)","decl":{"start":{"line":281,"column":32},"end":{"line":281,"column":33}},"loc":{"start":{"line":281,"column":39},"end":{"line":281,"column":108}},"line":281},"14":{"name":"(anonymous_14)","decl":{"start":{"line":291,"column":32},"end":{"line":291,"column":33}},"loc":{"start":{"line":291,"column":39},"end":{"line":291,"column":107}},"line":291},"15":{"name":"(anonymous_15)","decl":{"start":{"line":301,"column":32},"end":{"line":301,"column":33}},"loc":{"start":{"line":301,"column":39},"end":{"line":301,"column":104}},"line":301},"16":{"name":"(anonymous_16)","decl":{"start":{"line":310,"column":32},"end":{"line":310,"column":33}},"loc":{"start":{"line":310,"column":39},"end":{"line":310,"column":103}},"line":310},"17":{"name":"(anonymous_17)","decl":{"start":{"line":322,"column":32},"end":{"line":322,"column":33}},"loc":{"start":{"line":322,"column":39},"end":{"line":322,"column":108}},"line":322},"18":{"name":"(anonymous_18)","decl":{"start":{"line":331,"column":32},"end":{"line":331,"column":33}},"loc":{"start":{"line":331,"column":39},"end":{"line":331,"column":104}},"line":331},"19":{"name":"(anonymous_19)","decl":{"start":{"line":340,"column":32},"end":{"line":340,"column":33}},"loc":{"start":{"line":340,"column":39},"end":{"line":340,"column":109}},"line":340},"20":{"name":"(anonymous_20)","decl":{"start":{"line":348,"column":32},"end":{"line":348,"column":33}},"loc":{"start":{"line":348,"column":39},"end":{"line":348,"column":111}},"line":348},"21":{"name":"(anonymous_21)","decl":{"start":{"line":381,"column":34},"end":{"line":381,"column":35}},"loc":{"start":{"line":381,"column":41},"end":{"line":381,"column":109}},"line":381},"22":{"name":"(anonymous_22)","decl":{"start":{"line":392,"column":34},"end":{"line":392,"column":35}},"loc":{"start":{"line":392,"column":41},"end":{"line":392,"column":116}},"line":392},"23":{"name":"(anonymous_23)","decl":{"start":{"line":426,"column":29},"end":{"line":426,"column":30}},"loc":{"start":{"line":426,"column":35},"end":{"line":426,"column":61}},"line":426},"24":{"name":"(anonymous_24)","decl":{"start":{"line":446,"column":32},"end":{"line":446,"column":33}},"loc":{"start":{"line":446,"column":39},"end":{"line":446,"column":92}},"line":446},"25":{"name":"(anonymous_25)","decl":{"start":{"line":456,"column":32},"end":{"line":456,"column":33}},"loc":{"start":{"line":456,"column":39},"end":{"line":456,"column":91}},"line":456},"26":{"name":"(anonymous_26)","decl":{"start":{"line":466,"column":32},"end":{"line":466,"column":33}},"loc":{"start":{"line":466,"column":39},"end":{"line":466,"column":88}},"line":466},"27":{"name":"(anonymous_27)","decl":{"start":{"line":476,"column":32},"end":{"line":476,"column":33}},"loc":{"start":{"line":476,"column":39},"end":{"line":476,"column":92}},"line":476},"28":{"name":"(anonymous_28)","decl":{"start":{"line":485,"column":32},"end":{"line":485,"column":33}},"loc":{"start":{"line":485,"column":39},"end":{"line":485,"column":88}},"line":485},"29":{"name":"(anonymous_29)","decl":{"start":{"line":494,"column":32},"end":{"line":494,"column":33}},"loc":{"start":{"line":494,"column":39},"end":{"line":494,"column":93}},"line":494},"30":{"name":"(anonymous_30)","decl":{"start":{"line":502,"column":32},"end":{"line":502,"column":33}},"loc":{"start":{"line":502,"column":39},"end":{"line":502,"column":95}},"line":502},"31":{"name":"(anonymous_31)","decl":{"start":{"line":523,"column":29},"end":{"line":523,"column":30}},"loc":{"start":{"line":523,"column":35},"end":{"line":523,"column":58}},"line":523}},"branchMap":{"0":{"loc":{"start":{"line":61,"column":17},"end":{"line":61,"column":40}},"type":"binary-expr","locations":[{"start":{"line":61,"column":17},"end":{"line":61,"column":34}},{"start":{"line":61,"column":38},"end":{"line":61,"column":40}}],"line":61},"1":{"loc":{"start":{"line":62,"column":13},"end":{"line":62,"column":32}},"type":"binary-expr","locations":[{"start":{"line":62,"column":13},"end":{"line":62,"column":26}},{"start":{"line":62,"column":30},"end":{"line":62,"column":32}}],"line":62},"2":{"loc":{"start":{"line":63,"column":18},"end":{"line":63,"column":42}},"type":"binary-expr","locations":[{"start":{"line":63,"column":18},"end":{"line":63,"column":36}},{"start":{"line":63,"column":40},"end":{"line":63,"column":42}}],"line":63},"3":{"loc":{"start":{"line":64,"column":20},"end":{"line":64,"column":46}},"type":"binary-expr","locations":[{"start":{"line":64,"column":20},"end":{"line":64,"column":40}},{"start":{"line":64,"column":44},"end":{"line":64,"column":46}}],"line":64},"4":{"loc":{"start":{"line":80,"column":4},"end":{"line":87,"column":5}},"type":"if","locations":[{"start":{"line":80,"column":4},"end":{"line":87,"column":5}},{"start":{},"end":{}}],"line":80},"5":{"loc":{"start":{"line":94,"column":4},"end":{"line":97,"column":5}},"type":"if","locations":[{"start":{"line":94,"column":4},"end":{"line":97,"column":5}},{"start":{},"end":{}}],"line":94},"6":{"loc":{"start":{"line":99,"column":4},"end":{"line":102,"column":5}},"type":"if","locations":[{"start":{"line":99,"column":4},"end":{"line":102,"column":5}},{"start":{},"end":{}}],"line":99},"7":{"loc":{"start":{"line":136,"column":27},"end":{"line":136,"column":88}},"type":"binary-expr","locations":[{"start":{"line":136,"column":27},"end":{"line":136,"column":56}},{"start":{"line":136,"column":60},"end":{"line":136,"column":88}}],"line":136},"8":{"loc":{"start":{"line":156,"column":2},"end":{"line":158,"column":3}},"type":"if","locations":[{"start":{"line":156,"column":2},"end":{"line":158,"column":3}},{"start":{},"end":{}}],"line":156},"9":{"loc":{"start":{"line":208,"column":17},"end":{"line":208,"column":82}},"type":"cond-expr","locations":[{"start":{"line":208,"column":36},"end":{"line":208,"column":57}},{"start":{"line":208,"column":60},"end":{"line":208,"column":82}}],"line":208},"10":{"loc":{"start":{"line":242,"column":67},"end":{"line":242,"column":93}},"type":"binary-expr","locations":[{"start":{"line":242,"column":67},"end":{"line":242,"column":84}},{"start":{"line":242,"column":88},"end":{"line":242,"column":93}}],"line":242},"11":{"loc":{"start":{"line":243,"column":67},"end":{"line":243,"column":89}},"type":"binary-expr","locations":[{"start":{"line":243,"column":67},"end":{"line":243,"column":80}},{"start":{"line":243,"column":84},"end":{"line":243,"column":89}}],"line":243},"12":{"loc":{"start":{"line":244,"column":67},"end":{"line":244,"column":96}},"type":"binary-expr","locations":[{"start":{"line":244,"column":67},"end":{"line":244,"column":87}},{"start":{"line":244,"column":91},"end":{"line":244,"column":96}}],"line":244},"13":{"loc":{"start":{"line":266,"column":11},"end":{"line":434,"column":11}},"type":"binary-expr","locations":[{"start":{"line":266,"column":11},"end":{"line":266,"column":27}},{"start":{"line":267,"column":12},"end":{"line":433,"column":18}}],"line":266},"14":{"loc":{"start":{"line":407,"column":21},"end":{"line":422,"column":21}},"type":"cond-expr","locations":[{"start":{"line":408,"column":22},"end":{"line":414,"column":25}},{"start":{"line":416,"column":22},"end":{"line":421,"column":25}}],"line":407},"15":{"loc":{"start":{"line":436,"column":11},"end":{"line":531,"column":11}},"type":"binary-expr","locations":[{"start":{"line":436,"column":11},"end":{"line":436,"column":25}},{"start":{"line":437,"column":12},"end":{"line":530,"column":18}}],"line":436}},"s":{"0":0,"1":0,"2":0,"3":0,"4":0,"5":0,"6":0,"7":0,"8":0,"9":0,"10":0,"11":0,"12":0,"13":0,"14":0,"15":0,"16":0,"17":0,"18":0,"19":0,"20":0,"21":0,"22":0,"23":0,"24":0,"25":0,"26":0,"27":0,"28":0,"29":0,"30":0,"31":0,"32":0,"33":0,"34":0,"35":0,"36":0,"37":0,"38":0,"39":0,"40":0,"41":0,"42":0,"43":0,"44":0,"45":0,"46":0,"47":0,"48":0,"49":0,"50":0,"51":0,"52":0,"53":0,"54":0,"55":0,"56":0,"57":0,"58":0,"59":0,"60":0,"61":0,"62":0,"63":0,"64":0,"65":0,"66":0,"67":0,"68":0,"69":0,"70":0,"71":0,"72":0,"73":0,"74":0,"75":0,"76":0,"77":0,"78":0,"79":0,"80":0,"81":0,"82":0,"83":0,"84":0,"85":0},"f":{"0":0,"1":0,"2":0,"3":0,"4":0,"5":0,"6":0,"7":0,"8":0,"9":0,"10":0,"11":0,"12":0,"13":0,"14":0,"15":0,"16":0,"17":0,"18":0,"19":0,"20":0,"21":0,"22":0,"23":0,"24":0,"25":0,"26":0,"27":0,"28":0,"29":0,"30":0,"31":0},"b":{"0":[0,0],"1":[0,0],"2":[0,0],"3":[0,0],"4":[0,0],"5":[0,0],"6":[0,0],"7":[0,0],"8":[0,0],"9":[0,0],"10":[0,0],"11":[0,0],"12":[0,0],"13":[0,0],"14":[0,0],"15":[0,0]}}
,"C:\\Users\\hesha\\Desktop\\project irad septempet-october 2025-hesham al dandan\\syriana-student-app\\frontend\\src\\pages\\CoursesPage.js": {"path":"C:\\Users\\hesha\\Desktop\\project irad septempet-october 2025-hesham al dandan\\syriana-student-app\\frontend\\src\\pages\\CoursesPage.js","statementMap":{"0":{"start":{"line":5,"column":20},"end":{"line":119,"column":1}},"1":{"start":{"line":6,"column":32},"end":{"line":6,"column":44}},"2":{"start":{"line":7,"column":32},"end":{"line":7,"column":46}},"3":{"start":{"line":8,"column":28},"end":{"line":8,"column":42}},"4":{"start":{"line":10,"column":2},"end":{"line":12,"column":9}},"5":{"start":{"line":11,"column":4},"end":{"line":11,"column":19}},"6":{"start":{"line":14,"column":23},"end":{"line":25,"column":3}},"7":{"start":{"line":15,"column":4},"end":{"line":24,"column":5}},"8":{"start":{"line":16,"column":6},"end":{"line":16,"column":23}},"9":{"start":{"line":17,"column":23},"end":{"line":17,"column":58}},"10":{"start":{"line":18,"column":6},"end":{"line":18,"column":37}},"11":{"start":{"line":20,"column":6},"end":{"line":20,"column":54}},"12":{"start":{"line":21,"column":6},"end":{"line":21,"column":41}},"13":{"start":{"line":23,"column":6},"end":{"line":23,"column":24}},"14":{"start":{"line":27,"column":2},"end":{"line":33,"column":3}},"15":{"start":{"line":28,"column":4},"end":{"line":32,"column":6}},"16":{"start":{"line":35,"column":2},"end":{"line":41,"column":3}},"17":{"start":{"line":36,"column":4},"end":{"line":40,"column":6}},"18":{"start":{"line":43,"column":2},"end":{"line":118,"column":4}},"19":{"start":{"line":85,"column":12},"end":{"line":112,"column":18}}},"fnMap":{"0":{"name":"(anonymous_0)","decl":{"start":{"line":5,"column":20},"end":{"line":5,"column":21}},"loc":{"start":{"line":5,"column":26},"end":{"line":119,"column":1}},"line":5},"1":{"name":"(anonymous_1)","decl":{"start":{"line":10,"column":12},"end":{"line":10,"column":13}},"loc":{"start":{"line":10,"column":18},"end":{"line":12,"column":3}},"line":10},"2":{"name":"(anonymous_2)","decl":{"start":{"line":14,"column":23},"end":{"line":14,"column":24}},"loc":{"start":{"line":14,"column":35},"end":{"line":25,"column":3}},"line":14},"3":{"name":"(anonymous_3)","decl":{"start":{"line":84,"column":23},"end":{"line":84,"column":24}},"loc":{"start":{"line":85,"column":12},"end":{"line":112,"column":18}},"line":85}},"branchMap":{"0":{"loc":{"start":{"line":27,"column":2},"end":{"line":33,"column":3}},"type":"if","locations":[{"start":{"line":27,"column":2},"end":{"line":33,"column":3}},{"start":{},"end":{}}],"line":27},"1":{"loc":{"start":{"line":35,"column":2},"end":{"line":41,"column":3}},"type":"if","locations":[{"start":{"line":35,"column":2},"end":{"line":41,"column":3}},{"start":{},"end":{}}],"line":35},"2":{"loc":{"start":{"line":80,"column":7},"end":{"line":115,"column":7}},"type":"cond-expr","locations":[{"start":{"line":81,"column":8},"end":{"line":81,"column":58}},{"start":{"line":83,"column":8},"end":{"line":114,"column":14}}],"line":80}},"s":{"0":0,"1":0,"2":0,"3":0,"4":0,"5":0,"6":0,"7":0,"8":0,"9":0,"10":0,"11":0,"12":0,"13":0,"14":0,"15":0,"16":0,"17":0,"18":0,"19":0},"f":{"0":0,"1":0,"2":0,"3":0},"b":{"0":[0,0],"1":[0,0],"2":[0,0]}}
,"C:\\Users\\hesha\\Desktop\\project irad septempet-october 2025-hesham al dandan\\syriana-student-app\\frontend\\src\\pages\\DashboardPage.js": {"path":"C:\\Users\\hesha\\Desktop\\project irad septempet-october 2025-hesham al dandan\\syriana-student-app\\frontend\\src\\pages\\DashboardPage.js","statementMap":{"0":{"start":{"line":8,"column":22},"end":{"line":790,"column":1}},"1":{"start":{"line":9,"column":27},"end":{"line":9,"column":36}},"2":{"start":{"line":10,"column":34},"end":{"line":10,"column":46}},"3":{"start":{"line":11,"column":32},"end":{"line":11,"column":47}},"4":{"start":{"line":12,"column":40},"end":{"line":12,"column":55}},"5":{"start":{"line":13,"column":46},"end":{"line":13,"column":60}},"6":{"start":{"line":14,"column":34},"end":{"line":24,"column":4}},"7":{"start":{"line":26,"column":2},"end":{"line":30,"column":13}},"8":{"start":{"line":27,"column":4},"end":{"line":29,"column":5}},"9":{"start":{"line":28,"column":6},"end":{"line":28,"column":22}},"10":{"start":{"line":32,"column":24},"end":{"line":43,"column":3}},"11":{"start":{"line":33,"column":4},"end":{"line":42,"column":5}},"12":{"start":{"line":34,"column":6},"end":{"line":34,"column":23}},"13":{"start":{"line":35,"column":23},"end":{"line":35,"column":54}},"14":{"start":{"line":36,"column":6},"end":{"line":36,"column":44}},"15":{"start":{"line":38,"column":6},"end":{"line":38,"column":55}},"16":{"start":{"line":39,"column":6},"end":{"line":39,"column":45}},"17":{"start":{"line":41,"column":6},"end":{"line":41,"column":24}},"18":{"start":{"line":45,"column":23},"end":{"line":51,"column":3}},"19":{"start":{"line":46,"column":4},"end":{"line":50,"column":5}},"20":{"start":{"line":47,"column":6},"end":{"line":47,"column":21}},"21":{"start":{"line":49,"column":6},"end":{"line":49,"column":44}},"22":{"start":{"line":53,"column":27},"end":{"line":86,"column":3}},"23":{"start":{"line":54,"column":4},"end":{"line":54,"column":23}},"24":{"start":{"line":55,"column":4},"end":{"line":58,"column":5}},"25":{"start":{"line":56,"column":6},"end":{"line":56,"column":44}},"26":{"start":{"line":57,"column":6},"end":{"line":57,"column":13}},"27":{"start":{"line":60,"column":4},"end":{"line":85,"column":5}},"28":{"start":{"line":61,"column":6},"end":{"line":61,"column":23}},"29":{"start":{"line":62,"column":6},"end":{"line":65,"column":9}},"30":{"start":{"line":66,"column":6},"end":{"line":66,"column":50}},"31":{"start":{"line":67,"column":6},"end":{"line":67,"column":28}},"32":{"start":{"line":68,"column":6},"end":{"line":78,"column":9}},"33":{"start":{"line":79,"column":6},"end":{"line":79,"column":22}},"34":{"start":{"line":81,"column":6},"end":{"line":81,"column":52}},"35":{"start":{"line":82,"column":6},"end":{"line":82,"column":43}},"36":{"start":{"line":84,"column":6},"end":{"line":84,"column":24}},"37":{"start":{"line":88,"column":28},"end":{"line":113,"column":3}},"38":{"start":{"line":89,"column":4},"end":{"line":89,"column":23}},"39":{"start":{"line":90,"column":4},"end":{"line":112,"column":5}},"40":{"start":{"line":91,"column":6},"end":{"line":91,"column":23}},"41":{"start":{"line":92,"column":6},"end":{"line":92,"column":65}},"42":{"start":{"line":93,"column":6},"end":{"line":93,"column":52}},"43":{"start":{"line":94,"column":6},"end":{"line":94,"column":30}},"44":{"start":{"line":95,"column":6},"end":{"line":105,"column":9}},"45":{"start":{"line":106,"column":6},"end":{"line":106,"column":22}},"46":{"start":{"line":108,"column":6},"end":{"line":108,"column":54}},"47":{"start":{"line":109,"column":6},"end":{"line":109,"column":46}},"48":{"start":{"line":111,"column":6},"end":{"line":111,"column":24}},"49":{"start":{"line":115,"column":30},"end":{"line":131,"column":3}},"50":{"start":{"line":116,"column":4},"end":{"line":118,"column":5}},"51":{"start":{"line":117,"column":6},"end":{"line":117,"column":13}},"52":{"start":{"line":120,"column":4},"end":{"line":130,"column":5}},"53":{"start":{"line":121,"column":6},"end":{"line":121,"column":23}},"54":{"start":{"line":122,"column":6},"end":{"line":122,"column":46}},"55":{"start":{"line":123,"column":6},"end":{"line":123,"column":52}},"56":{"start":{"line":124,"column":6},"end":{"line":124,"column":22}},"57":{"start":{"line":126,"column":6},"end":{"line":126,"column":54}},"58":{"start":{"line":127,"column":6},"end":{"line":127,"column":46}},"59":{"start":{"line":129,"column":6},"end":{"line":129,"column":24}},"60":{"start":{"line":133,"column":20},"end":{"line":146,"column":3}},"61":{"start":{"line":134,"column":4},"end":{"line":134,"column":31}},"62":{"start":{"line":135,"column":4},"end":{"line":145,"column":7}},"63":{"start":{"line":148,"column":20},"end":{"line":162,"column":3}},"64":{"start":{"line":149,"column":4},"end":{"line":149,"column":26}},"65":{"start":{"line":150,"column":4},"end":{"line":150,"column":28}},"66":{"start":{"line":151,"column":4},"end":{"line":161,"column":7}},"67":{"start":{"line":164,"column":16},"end":{"line":193,"column":3}},"68":{"start":{"line":195,"column":24},"end":{"line":217,"column":3}},"69":{"start":{"line":219,"column":30},"end":{"line":248,"column":3}},"70":{"start":{"line":250,"column":23},"end":{"line":269,"column":3}},"71":{"start":{"line":271,"column":2},"end":{"line":789,"column":4}},"72":{"start":{"line":343,"column":35},"end":{"line":343,"column":55}},"73":{"start":{"line":351,"column":38},"end":{"line":351,"column":83}},"74":{"start":{"line":352,"column":22},"end":{"line":356,"column":23}},"75":{"start":{"line":353,"column":24},"end":{"line":353,"column":71}},"76":{"start":{"line":355,"column":24},"end":{"line":355,"column":63}},"77":{"start":{"line":375,"column":36},"end":{"line":375,"column":45}},"78":{"start":{"line":376,"column":14},"end":{"line":388,"column":16}},"79":{"start":{"line":410,"column":18},"end":{"line":431,"column":24}},"80":{"start":{"line":516,"column":33},"end":{"line":516,"column":61}},"81":{"start":{"line":536,"column":41},"end":{"line":536,"column":94}},"82":{"start":{"line":546,"column":41},"end":{"line":546,"column":93}},"83":{"start":{"line":556,"column":41},"end":{"line":556,"column":90}},"84":{"start":{"line":566,"column":41},"end":{"line":566,"column":94}},"85":{"start":{"line":575,"column":41},"end":{"line":575,"column":90}},"86":{"start":{"line":584,"column":41},"end":{"line":584,"column":95}},"87":{"start":{"line":593,"column":41},"end":{"line":593,"column":97}},"88":{"start":{"line":604,"column":45},"end":{"line":604,"column":97}},"89":{"start":{"line":614,"column":45},"end":{"line":614,"column":104}},"90":{"start":{"line":649,"column":20},"end":{"line":676,"column":26}},"91":{"start":{"line":662,"column":41},"end":{"line":662,"column":59}},"92":{"start":{"line":669,"column":41},"end":{"line":669,"column":73}},"93":{"start":{"line":708,"column":18},"end":{"line":726,"column":24}},"94":{"start":{"line":739,"column":40},"end":{"line":739,"column":56}},"95":{"start":{"line":740,"column":18},"end":{"line":781,"column":20}}},"fnMap":{"0":{"name":"(anonymous_0)","decl":{"start":{"line":8,"column":22},"end":{"line":8,"column":23}},"loc":{"start":{"line":8,"column":28},"end":{"line":790,"column":1}},"line":8},"1":{"name":"(anonymous_1)","decl":{"start":{"line":26,"column":12},"end":{"line":26,"column":13}},"loc":{"start":{"line":26,"column":18},"end":{"line":30,"column":3}},"line":26},"2":{"name":"(anonymous_2)","decl":{"start":{"line":32,"column":24},"end":{"line":32,"column":25}},"loc":{"start":{"line":32,"column":36},"end":{"line":43,"column":3}},"line":32},"3":{"name":"(anonymous_3)","decl":{"start":{"line":45,"column":23},"end":{"line":45,"column":24}},"loc":{"start":{"line":45,"column":35},"end":{"line":51,"column":3}},"line":45},"4":{"name":"(anonymous_4)","decl":{"start":{"line":53,"column":27},"end":{"line":53,"column":28}},"loc":{"start":{"line":53,"column":40},"end":{"line":86,"column":3}},"line":53},"5":{"name":"(anonymous_5)","decl":{"start":{"line":88,"column":28},"end":{"line":88,"column":29}},"loc":{"start":{"line":88,"column":41},"end":{"line":113,"column":3}},"line":88},"6":{"name":"(anonymous_6)","decl":{"start":{"line":115,"column":30},"end":{"line":115,"column":31}},"loc":{"start":{"line":115,"column":51},"end":{"line":131,"column":3}},"line":115},"7":{"name":"(anonymous_7)","decl":{"start":{"line":133,"column":20},"end":{"line":133,"column":21}},"loc":{"start":{"line":133,"column":33},"end":{"line":146,"column":3}},"line":133},"8":{"name":"(anonymous_8)","decl":{"start":{"line":148,"column":20},"end":{"line":148,"column":21}},"loc":{"start":{"line":148,"column":26},"end":{"line":162,"column":3}},"line":148},"9":{"name":"(anonymous_9)","decl":{"start":{"line":343,"column":29},"end":{"line":343,"column":30}},"loc":{"start":{"line":343,"column":35},"end":{"line":343,"column":55}},"line":343},"10":{"name":"(anonymous_10)","decl":{"start":{"line":349,"column":29},"end":{"line":349,"column":30}},"loc":{"start":{"line":349,"column":35},"end":{"line":357,"column":21}},"line":349},"11":{"name":"(anonymous_11)","decl":{"start":{"line":374,"column":23},"end":{"line":374,"column":24}},"loc":{"start":{"line":374,"column":40},"end":{"line":389,"column":13}},"line":374},"12":{"name":"(anonymous_12)","decl":{"start":{"line":409,"column":35},"end":{"line":409,"column":36}},"loc":{"start":{"line":410,"column":18},"end":{"line":431,"column":24}},"line":410},"13":{"name":"(anonymous_13)","decl":{"start":{"line":516,"column":27},"end":{"line":516,"column":28}},"loc":{"start":{"line":516,"column":33},"end":{"line":516,"column":61}},"line":516},"14":{"name":"(anonymous_14)","decl":{"start":{"line":536,"column":34},"end":{"line":536,"column":35}},"loc":{"start":{"line":536,"column":41},"end":{"line":536,"column":94}},"line":536},"15":{"name":"(anonymous_15)","decl":{"start":{"line":546,"column":34},"end":{"line":546,"column":35}},"loc":{"start":{"line":546,"column":41},"end":{"line":546,"column":93}},"line":546},"16":{"name":"(anonymous_16)","decl":{"start":{"line":556,"column":34},"end":{"line":556,"column":35}},"loc":{"start":{"line":556,"column":41},"end":{"line":556,"column":90}},"line":556},"17":{"name":"(anonymous_17)","decl":{"start":{"line":566,"column":34},"end":{"line":566,"column":35}},"loc":{"start":{"line":566,"column":41},"end":{"line":566,"column":94}},"line":566},"18":{"name":"(anonymous_18)","decl":{"start":{"line":575,"column":34},"end":{"line":575,"column":35}},"loc":{"start":{"line":575,"column":41},"end":{"line":575,"column":90}},"line":575},"19":{"name":"(anonymous_19)","decl":{"start":{"line":584,"column":34},"end":{"line":584,"column":35}},"loc":{"start":{"line":584,"column":41},"end":{"line":584,"column":95}},"line":584},"20":{"name":"(anonymous_20)","decl":{"start":{"line":593,"column":34},"end":{"line":593,"column":35}},"loc":{"start":{"line":593,"column":41},"end":{"line":593,"column":97}},"line":593},"21":{"name":"(anonymous_21)","decl":{"start":{"line":604,"column":38},"end":{"line":604,"column":39}},"loc":{"start":{"line":604,"column":45},"end":{"line":604,"column":97}},"line":604},"22":{"name":"(anonymous_22)","decl":{"start":{"line":614,"column":38},"end":{"line":614,"column":39}},"loc":{"start":{"line":614,"column":45},"end":{"line":614,"column":104}},"line":614},"23":{"name":"(anonymous_23)","decl":{"start":{"line":648,"column":43},"end":{"line":648,"column":44}},"loc":{"start":{"line":649,"column":20},"end":{"line":676,"column":26}},"line":649},"24":{"name":"(anonymous_24)","decl":{"start":{"line":662,"column":35},"end":{"line":662,"column":36}},"loc":{"start":{"line":662,"column":41},"end":{"line":662,"column":59}},"line":662},"25":{"name":"(anonymous_25)","decl":{"start":{"line":669,"column":35},"end":{"line":669,"column":36}},"loc":{"start":{"line":669,"column":41},"end":{"line":669,"column":73}},"line":669},"26":{"name":"(anonymous_26)","decl":{"start":{"line":707,"column":41},"end":{"line":707,"column":42}},"loc":{"start":{"line":708,"column":18},"end":{"line":726,"column":24}},"line":708},"27":{"name":"(anonymous_27)","decl":{"start":{"line":738,"column":34},"end":{"line":738,"column":35}},"loc":{"start":{"line":738,"column":58},"end":{"line":782,"column":17}},"line":738}},"branchMap":{"0":{"loc":{"start":{"line":27,"column":4},"end":{"line":29,"column":5}},"type":"if","locations":[{"start":{"line":27,"column":4},"end":{"line":29,"column":5}},{"start":{},"end":{}}],"line":27},"1":{"loc":{"start":{"line":36,"column":18},"end":{"line":36,"column":42}},"type":"binary-expr","locations":[{"start":{"line":36,"column":18},"end":{"line":36,"column":36}},{"start":{"line":36,"column":40},"end":{"line":36,"column":42}}],"line":36},"2":{"loc":{"start":{"line":55,"column":4},"end":{"line":58,"column":5}},"type":"if","locations":[{"start":{"line":55,"column":4},"end":{"line":58,"column":5}},{"start":{},"end":{}}],"line":55},"3":{"loc":{"start":{"line":116,"column":4},"end":{"line":118,"column":5}},"type":"if","locations":[{"start":{"line":116,"column":4},"end":{"line":118,"column":5}},{"start":{},"end":{}}],"line":116},"4":{"loc":{"start":{"line":139,"column":17},"end":{"line":139,"column":40}},"type":"binary-expr","locations":[{"start":{"line":139,"column":17},"end":{"line":139,"column":34}},{"start":{"line":139,"column":38},"end":{"line":139,"column":40}}],"line":139},"5":{"loc":{"start":{"line":140,"column":13},"end":{"line":140,"column":32}},"type":"binary-expr","locations":[{"start":{"line":140,"column":13},"end":{"line":140,"column":26}},{"start":{"line":140,"column":30},"end":{"line":140,"column":32}}],"line":140},"6":{"loc":{"start":{"line":141,"column":18},"end":{"line":141,"column":42}},"type":"binary-expr","locations":[{"start":{"line":141,"column":18},"end":{"line":141,"column":36}},{"start":{"line":141,"column":40},"end":{"line":141,"column":42}}],"line":141},"7":{"loc":{"start":{"line":142,"column":20},"end":{"line":142,"column":46}},"type":"binary-expr","locations":[{"start":{"line":142,"column":20},"end":{"line":142,"column":40}},{"start":{"line":142,"column":44},"end":{"line":142,"column":46}}],"line":142},"8":{"loc":{"start":{"line":280,"column":31},"end":{"line":280,"column":59}},"type":"binary-expr","locations":[{"start":{"line":280,"column":31},"end":{"line":280,"column":46}},{"start":{"line":280,"column":50},"end":{"line":280,"column":59}}],"line":280},"9":{"loc":{"start":{"line":316,"column":15},"end":{"line":363,"column":15}},"type":"binary-expr","locations":[{"start":{"line":316,"column":15},"end":{"line":316,"column":37}},{"start":{"line":317,"column":16},"end":{"line":362,"column":19}}],"line":316},"10":{"loc":{"start":{"line":352,"column":22},"end":{"line":356,"column":23}},"type":"if","locations":[{"start":{"line":352,"column":22},"end":{"line":356,"column":23}},{"start":{},"end":{}}],"line":352},"11":{"loc":{"start":{"line":453,"column":70},"end":{"line":453,"column":103}},"type":"binary-expr","locations":[{"start":{"line":453,"column":70},"end":{"line":453,"column":85}},{"start":{"line":453,"column":89},"end":{"line":453,"column":103}}],"line":453},"12":{"loc":{"start":{"line":508,"column":11},"end":{"line":691,"column":11}},"type":"binary-expr","locations":[{"start":{"line":508,"column":11},"end":{"line":508,"column":33}},{"start":{"line":509,"column":12},"end":{"line":690,"column":18}}],"line":508},"13":{"loc":{"start":{"line":520,"column":19},"end":{"line":520,"column":57}},"type":"cond-expr","locations":[{"start":{"line":520,"column":33},"end":{"line":520,"column":41}},{"start":{"line":520,"column":44},"end":{"line":520,"column":57}}],"line":520},"14":{"loc":{"start":{"line":525,"column":15},"end":{"line":639,"column":15}},"type":"binary-expr","locations":[{"start":{"line":525,"column":16},"end":{"line":525,"column":27}},{"start":{"line":525,"column":31},"end":{"line":525,"column":45}},{"start":{"line":526,"column":16},"end":{"line":638,"column":22}}],"line":525},"15":{"loc":{"start":{"line":528,"column":21},"end":{"line":528,"column":72}},"type":"cond-expr","locations":[{"start":{"line":528,"column":38},"end":{"line":528,"column":52}},{"start":{"line":528,"column":55},"end":{"line":528,"column":72}}],"line":528},"16":{"loc":{"start":{"line":530,"column":34},"end":{"line":530,"column":87}},"type":"cond-expr","locations":[{"start":{"line":530,"column":51},"end":{"line":530,"column":68}},{"start":{"line":530,"column":71},"end":{"line":530,"column":87}}],"line":530},"17":{"loc":{"start":{"line":597,"column":21},"end":{"line":620,"column":21}},"type":"binary-expr","locations":[{"start":{"line":597,"column":21},"end":{"line":597,"column":36}},{"start":{"line":598,"column":22},"end":{"line":619,"column":25}}],"line":597},"18":{"loc":{"start":{"line":627,"column":25},"end":{"line":627,"column":100}},"type":"cond-expr","locations":[{"start":{"line":627,"column":35},"end":{"line":627,"column":46}},{"start":{"line":627,"column":50},"end":{"line":627,"column":99}}],"line":627},"19":{"loc":{"start":{"line":627,"column":50},"end":{"line":627,"column":99}},"type":"cond-expr","locations":[{"start":{"line":627,"column":67},"end":{"line":627,"column":83}},{"start":{"line":627,"column":86},"end":{"line":627,"column":99}}],"line":627},"20":{"loc":{"start":{"line":643,"column":17},"end":{"line":678,"column":17}},"type":"cond-expr","locations":[{"start":{"line":644,"column":18},"end":{"line":644,"column":77}},{"start":{"line":645,"column":20},"end":{"line":678,"column":17}}],"line":643},"21":{"loc":{"start":{"line":645,"column":20},"end":{"line":678,"column":17}},"type":"cond-expr","locations":[{"start":{"line":646,"column":18},"end":{"line":646,"column":89}},{"start":{"line":648,"column":18},"end":{"line":677,"column":20}}],"line":645},"22":{"loc":{"start":{"line":657,"column":27},"end":{"line":657,"column":112}},"type":"binary-expr","locations":[{"start":{"line":657,"column":27},"end":{"line":657,"column":44}},{"start":{"line":657,"column":48},"end":{"line":657,"column":112}}],"line":657},"23":{"loc":{"start":{"line":679,"column":17},"end":{"line":688,"column":17}},"type":"binary-expr","locations":[{"start":{"line":679,"column":17},"end":{"line":679,"column":36}},{"start":{"line":680,"column":18},"end":{"line":687,"column":24}}],"line":679},"24":{"loc":{"start":{"line":713,"column":26},"end":{"line":715,"column":55}},"type":"cond-expr","locations":[{"start":{"line":713,"column":59},"end":{"line":713,"column":84}},{"start":{"line":714,"column":26},"end":{"line":715,"column":55}}],"line":713},"25":{"loc":{"start":{"line":714,"column":26},"end":{"line":715,"column":55}},"type":"cond-expr","locations":[{"start":{"line":714,"column":61},"end":{"line":714,"column":92}},{"start":{"line":715,"column":26},"end":{"line":715,"column":55}}],"line":714},"26":{"loc":{"start":{"line":742,"column":22},"end":{"line":744,"column":54}},"type":"cond-expr","locations":[{"start":{"line":743,"column":26},"end":{"line":743,"column":58}},{"start":{"line":744,"column":26},"end":{"line":744,"column":54}}],"line":742},"27":{"loc":{"start":{"line":747,"column":24},"end":{"line":749,"column":41}},"type":"cond-expr","locations":[{"start":{"line":748,"column":28},"end":{"line":748,"column":43}},{"start":{"line":749,"column":28},"end":{"line":749,"column":41}}],"line":747},"28":{"loc":{"start":{"line":752,"column":26},"end":{"line":754,"column":45}},"type":"cond-expr","locations":[{"start":{"line":753,"column":30},"end":{"line":753,"column":47}},{"start":{"line":754,"column":30},"end":{"line":754,"column":45}}],"line":752},"29":{"loc":{"start":{"line":759,"column":26},"end":{"line":761,"column":45}},"type":"cond-expr","locations":[{"start":{"line":760,"column":30},"end":{"line":760,"column":45}},{"start":{"line":761,"column":30},"end":{"line":761,"column":45}}],"line":759},"30":{"loc":{"start":{"line":766,"column":26},"end":{"line":768,"column":45}},"type":"cond-expr","locations":[{"start":{"line":767,"column":30},"end":{"line":767,"column":45}},{"start":{"line":768,"column":30},"end":{"line":768,"column":45}}],"line":766},"31":{"loc":{"start":{"line":773,"column":23},"end":{"line":779,"column":23}},"type":"binary-expr","locations":[{"start":{"line":773,"column":23},"end":{"line":773,"column":41}},{"start":{"line":774,"column":24},"end":{"line":778,"column":30}}],"line":773}},"s":{"0":0,"1":0,"2":0,"3":0,"4":0,"5":0,"6":0,"7":0,"8":0,"9":0,"10":0,"11":0,"12":0,"13":0,"14":0,"15":0,"16":0,"17":0,"18":0,"19":0,"20":0,"21":0,"22":0,"23":0,"24":0,"25":0,"26":0,"27":0,"28":0,"29":0,"30":0,"31":0,"32":0,"33":0,"34":0,"35":0,"36":0,"37":0,"38":0,"39":0,"40":0,"41":0,"42":0,"43":0,"44":0,"45":0,"46":0,"47":0,"48":0,"49":0,"50":0,"51":0,"52":0,"53":0,"54":0,"55":0,"56":0,"57":0,"58":0,"59":0,"60":0,"61":0,"62":0,"63":0,"64":0,"65":0,"66":0,"67":0,"68":0,"69":0,"70":0,"71":0,"72":0,"73":0,"74":0,"75":0,"76":0,"77":0,"78":0,"79":0,"80":0,"81":0,"82":0,"83":0,"84":0,"85":0,"86":0,"87":0,"88":0,"89":0,"90":0,"91":0,"92":0,"93":0,"94":0,"95":0},"f":{"0":0,"1":0,"2":0,"3":0,"4":0,"5":0,"6":0,"7":0,"8":0,"9":0,"10":0,"11":0,"12":0,"13":0,"14":0,"15":0,"16":0,"17":0,"18":0,"19":0,"20":0,"21":0,"22":0,"23":0,"24":0,"25":0,"26":0,"27":0},"b":{"0":[0,0],"1":[0,0],"2":[0,0],"3":[0,0],"4":[0,0],"5":[0,0],"6":[0,0],"7":[0,0],"8":[0,0],"9":[0,0],"10":[0,0],"11":[0,0],"12":[0,0],"13":[0,0],"14":[0,0,0],"15":[0,0],"16":[0,0],"17":[0,0],"18":[0,0],"19":[0,0],"20":[0,0],"21":[0,0],"22":[0,0],"23":[0,0],"24":[0,0],"25":[0,0],"26":[0,0],"27":[0,0],"28":[0,0],"29":[0,0],"30":[0,0],"31":[0,0]}}
,"C:\\Users\\hesha\\Desktop\\project irad septempet-october 2025-hesham al dandan\\syriana-student-app\\frontend\\src\\pages\\ForgotPasswordPage.js": {"path":"C:\\Users\\hesha\\Desktop\\project irad septempet-october 2025-hesham al dandan\\syriana-student-app\\frontend\\src\\pages\\ForgotPasswordPage.js","statementMap":{"0":{"start":{"line":7,"column":27},"end":{"line":165,"column":1}},"1":{"start":{"line":8,"column":28},"end":{"line":8,"column":40}},"2":{"start":{"line":9,"column":36},"end":{"line":9,"column":51}},"3":{"start":{"line":10,"column":40},"end":{"line":10,"column":55}},"4":{"start":{"line":11,"column":28},"end":{"line":11,"column":40}},"5":{"start":{"line":13,"column":23},"end":{"line":18,"column":3}},"6":{"start":{"line":14,"column":4},"end":{"line":14,"column":29}},"7":{"start":{"line":15,"column":4},"end":{"line":17,"column":5}},"8":{"start":{"line":16,"column":6},"end":{"line":16,"column":19}},"9":{"start":{"line":20,"column":23},"end":{"line":47,"column":3}},"10":{"start":{"line":21,"column":4},"end":{"line":21,"column":23}},"11":{"start":{"line":23,"column":4},"end":{"line":26,"column":5}},"12":{"start":{"line":24,"column":6},"end":{"line":24,"column":50}},"13":{"start":{"line":25,"column":6},"end":{"line":25,"column":13}},"14":{"start":{"line":28,"column":4},"end":{"line":31,"column":5}},"15":{"start":{"line":29,"column":6},"end":{"line":29,"column":53}},"16":{"start":{"line":30,"column":6},"end":{"line":30,"column":13}},"17":{"start":{"line":33,"column":4},"end":{"line":33,"column":23}},"18":{"start":{"line":34,"column":4},"end":{"line":34,"column":17}},"19":{"start":{"line":36,"column":4},"end":{"line":46,"column":5}},"20":{"start":{"line":37,"column":6},"end":{"line":37,"column":46}},"21":{"start":{"line":38,"column":6},"end":{"line":38,"column":27}},"22":{"start":{"line":39,"column":6},"end":{"line":39,"column":63}},"23":{"start":{"line":41,"column":27},"end":{"line":41,"column":48}},"24":{"start":{"line":42,"column":6},"end":{"line":42,"column":29}},"25":{"start":{"line":43,"column":6},"end":{"line":43,"column":32}},"26":{"start":{"line":45,"column":6},"end":{"line":45,"column":26}},"27":{"start":{"line":49,"column":2},"end":{"line":89,"column":3}},"28":{"start":{"line":50,"column":4},"end":{"line":88,"column":6}},"29":{"start":{"line":71,"column":31},"end":{"line":71,"column":52}},"30":{"start":{"line":91,"column":2},"end":{"line":164,"column":4}}},"fnMap":{"0":{"name":"(anonymous_0)","decl":{"start":{"line":7,"column":27},"end":{"line":7,"column":28}},"loc":{"start":{"line":7,"column":33},"end":{"line":165,"column":1}},"line":7},"1":{"name":"(anonymous_1)","decl":{"start":{"line":13,"column":23},"end":{"line":13,"column":24}},"loc":{"start":{"line":13,"column":30},"end":{"line":18,"column":3}},"line":13},"2":{"name":"(anonymous_2)","decl":{"start":{"line":20,"column":23},"end":{"line":20,"column":24}},"loc":{"start":{"line":20,"column":36},"end":{"line":47,"column":3}},"line":20},"3":{"name":"(anonymous_3)","decl":{"start":{"line":71,"column":25},"end":{"line":71,"column":26}},"loc":{"start":{"line":71,"column":31},"end":{"line":71,"column":52}},"line":71}},"branchMap":{"0":{"loc":{"start":{"line":15,"column":4},"end":{"line":17,"column":5}},"type":"if","locations":[{"start":{"line":15,"column":4},"end":{"line":17,"column":5}},{"start":{},"end":{}}],"line":15},"1":{"loc":{"start":{"line":23,"column":4},"end":{"line":26,"column":5}},"type":"if","locations":[{"start":{"line":23,"column":4},"end":{"line":26,"column":5}},{"start":{},"end":{}}],"line":23},"2":{"loc":{"start":{"line":28,"column":4},"end":{"line":31,"column":5}},"type":"if","locations":[{"start":{"line":28,"column":4},"end":{"line":31,"column":5}},{"start":{},"end":{}}],"line":28},"3":{"loc":{"start":{"line":49,"column":2},"end":{"line":89,"column":3}},"type":"if","locations":[{"start":{"line":49,"column":2},"end":{"line":89,"column":3}},{"start":{},"end":{}}],"line":49},"4":{"loc":{"start":{"line":126,"column":18},"end":{"line":126,"column":81}},"type":"cond-expr","locations":[{"start":{"line":126,"column":26},"end":{"line":126,"column":61}},{"start":{"line":126,"column":64},"end":{"line":126,"column":81}}],"line":126},"5":{"loc":{"start":{"line":132,"column":15},"end":{"line":134,"column":15}},"type":"binary-expr","locations":[{"start":{"line":132,"column":15},"end":{"line":132,"column":20}},{"start":{"line":133,"column":16},"end":{"line":133,"column":68}}],"line":132},"6":{"loc":{"start":{"line":142,"column":15},"end":{"line":146,"column":15}},"type":"cond-expr","locations":[{"start":{"line":143,"column":16},"end":{"line":143,"column":61}},{"start":{"line":145,"column":16},"end":{"line":145,"column":33}}],"line":142}},"s":{"0":0,"1":0,"2":0,"3":0,"4":0,"5":0,"6":0,"7":0,"8":0,"9":0,"10":0,"11":0,"12":0,"13":0,"14":0,"15":0,"16":0,"17":0,"18":0,"19":0,"20":0,"21":0,"22":0,"23":0,"24":0,"25":0,"26":0,"27":0,"28":0,"29":0,"30":0},"f":{"0":0,"1":0,"2":0,"3":0},"b":{"0":[0,0],"1":[0,0],"2":[0,0],"3":[0,0],"4":[0,0],"5":[0,0],"6":[0,0]}}
,"C:\\Users\\hesha\\Desktop\\project irad septempet-october 2025-hesham al dandan\\syriana-student-app\\frontend\\src\\pages\\GradesPage.js": {"path":"C:\\Users\\hesha\\Desktop\\project irad septempet-october 2025-hesham al dandan\\syriana-student-app\\frontend\\src\\pages\\GradesPage.js","statementMap":{"0":{"start":{"line":3,"column":19},"end":{"line":10,"column":1}},"1":{"start":{"line":4,"column":2},"end":{"line":9,"column":4}}},"fnMap":{"0":{"name":"(anonymous_0)","decl":{"start":{"line":3,"column":19},"end":{"line":3,"column":20}},"loc":{"start":{"line":3,"column":25},"end":{"line":10,"column":1}},"line":3}},"branchMap":{},"s":{"0":0,"1":0},"f":{"0":0},"b":{}}
[...]
":{"line":4,"column":12},"end":{"line":10,"column":2}},"1":{"start":{"line":13,"column":0},"end":{"line":24,"column":2}},"2":{"start":{"line":15,"column":18},"end":{"line":15,"column":47}},"3":{"start":{"line":16,"column":4},"end":{"line":18,"column":5}},"4":{"start":{"line":17,"column":6},"end":{"line":17,"column":55}},"5":{"start":{"line":19,"column":4},"end":{"line":19,"column":18}},"6":{"start":{"line":22,"column":4},"end":{"line":22,"column":33}},"7":{"start":{"line":27,"column":0},"end":{"line":41,"column":2}},"8":{"start":{"line":28,"column":16},"end":{"line":28,"column":24}},"9":{"start":{"line":30,"column":4},"end":{"line":33,"column":5}},"10":{"start":{"line":31,"column":6},"end":{"line":31,"column":39}},"11":{"start":{"line":32,"column":6},"end":{"line":32,"column":38}},"12":{"start":{"line":35,"column":4},"end":{"line":37,"column":5}},"13":{"start":{"line":36,"column":6},"end":{"line":36,"column":78}},"14":{"start":{"line":39,"column":4},"end":{"line":39,"column":33}},"15":{"start":{"line":44,"column":27},"end":{"line":54,"column":1}},"16":{"start":{"line":45,"column":26},"end":{"line":45,"column":62}},"17":{"start":{"line":46,"column":26},"end":{"line":46,"column":62}},"18":{"start":{"line":47,"column":16},"end":{"line":47,"column":40}},"19":{"start":{"line":48,"column":20},"end":{"line":48,"column":44}},"20":{"start":{"line":49,"column":34},"end":{"line":49,"column":71}},"21":{"start":{"line":50,"column":36},"end":{"line":50,"column":82}},"22":{"start":{"line":51,"column":29},"end":{"line":51,"column":73}},"23":{"start":{"line":52,"column":38},"end":{"line":52,"column":92}},"24":{"start":{"line":53,"column":26},"end":{"line":53,"column":64}},"25":{"start":{"line":57,"column":27},"end":{"line":67,"column":1}},"26":{"start":{"line":58,"column":27},"end":{"line":58,"column":56}},"27":{"start":{"line":59,"column":23},"end":{"line":59,"column":46}},"28":{"start":{"line":60,"column":28},"end":{"line":60,"column":56}},"29":{"start":{"line":61,"column":32},"end":{"line":61,"column":65}},"30":{"start":{"line":62,"column":22},"end":{"line":62,"column":48}},"31":{"start":{"line":63,"column":27},"end":{"line":63,"column":88}},"32":{"start":{"line":64,"column":30},"end":{"line":66,"column":4}},"33":{"start":{"line":70,"column":29},"end":{"line":84,"column":1}},"34":{"start":{"line":71,"column":29},"end":{"line":71,"column":60}},"35":{"start":{"line":72,"column":25},"end":{"line":72,"column":50}},"36":{"start":{"line":73,"column":32},"end":{"line":73,"column":64}},"37":{"start":{"line":74,"column":36},"end":{"line":74,"column":73}},"38":{"start":{"line":75,"column":24},"end":{"line":75,"column":52}},"39":{"start":{"line":76,"column":32},"end":{"line":76,"column":71}},"40":{"start":{"line":77,"column":36},"end":{"line":77,"column":77}},"41":{"start":{"line":78,"column":35},"end":{"line":78,"column":75}},"42":{"start":{"line":79,"column":22},"end":{"line":79,"column":52}},"43":{"start":{"line":80,"column":29},"end":{"line":80,"column":58}},"44":{"start":{"line":81,"column":42},"end":{"line":83,"column":4}},"45":{"start":{"line":87,"column":28},"end":{"line":101,"column":1}},"46":{"start":{"line":88,"column":25},"end":{"line":88,"column":55}},"47":{"start":{"line":89,"column":24},"end":{"line":89,"column":48}},"48":{"start":{"line":90,"column":30},"end":{"line":90,"column":60}},"49":{"start":{"line":91,"column":34},"end":{"line":91,"column":69}},"50":{"start":{"line":92,"column":23},"end":{"line":92,"column":50}},"51":{"start":{"line":93,"column":35},"end":{"line":93,"column":74}},"52":{"start":{"line":94,"column":33},"end":{"line":94,"column":70}},"53":{"start":{"line":95,"column":21},"end":{"line":95,"column":49}},"54":{"start":{"line":96,"column":36},"end":{"line":96,"column":72}},"55":{"start":{"line":97,"column":28},"end":{"line":100,"column":4}},"56":{"start":{"line":104,"column":32},"end":{"line":110,"column":1}},"57":{"start":{"line":105,"column":29},"end":{"line":105,"column":58}},"58":{"start":{"line":106,"column":27},"end":{"line":106,"column":54}},"59":{"start":{"line":107,"column":18},"end":{"line":107,"column":45}},"60":{"start":{"line":108,"column":27},"end":{"line":108,"column":57}},"61":{"start":{"line":109,"column":27},"end":{"line":109,"column":55}},"62":{"start":{"line":113,"column":35},"end":{"line":119,"column":1}},"63":{"start":{"line":114,"column":32},"end":{"line":114,"column":69}},"64":{"start":{"line":115,"column":34},"end":{"line":115,"column":82}},"65":{"start":{"line":116,"column":23},"end":{"line":116,"column":57}},"66":{"start":{"line":117,"column":42},"end":{"line":117,"column":88}},"67":{"start":{"line":118,"column":24},"end":{"line":118,"column":62}},"68":{"start":{"line":122,"column":26},"end":{"line":139,"column":1}},"69":{"start":{"line":123,"column":19},"end":{"line":123,"column":33}},"70":{"start":{"line":124,"column":2},"end":{"line":124,"column":32}},"71":{"start":{"line":126,"column":2},"end":{"line":138,"column":5}},"72":{"start":{"line":131,"column":6},"end":{"line":136,"column":7}},"73":{"start":{"line":132,"column":33},"end":{"line":134,"column":9}},"74":{"start":{"line":135,"column":8},"end":{"line":135,"column":37}},"75":{"start":{"line":142,"column":30},"end":{"line":170,"column":1}},"76":{"start":{"line":143,"column":2},"end":{"line":169,"column":3}},"77":{"start":{"line":145,"column":29},"end":{"line":145,"column":43}},"78":{"start":{"line":147,"column":4},"end":{"line":162,"column":5}},"79":{"start":{"line":149,"column":8},"end":{"line":149,"column":71}},"80":{"start":{"line":151,"column":8},"end":{"line":151,"column":52}},"81":{"start":{"line":153,"column":8},"end":{"line":153,"column":83}},"82":{"start":{"line":155,"column":8},"end":{"line":155,"column":37}},"83":{"start":{"line":157,"column":8},"end":{"line":157,"column":76}},"84":{"start":{"line":159,"column":8},"end":{"line":159,"column":64}},"85":{"start":{"line":161,"column":8},"end":{"line":161,"column":72}},"86":{"start":{"line":163,"column":9},"end":{"line":169,"column":3}},"87":{"start":{"line":165,"column":4},"end":{"line":165,"column":67}},"88":{"start":{"line":168,"column":4},"end":{"line":168,"column":60}}},"fnMap":{"0":{"name":"(anonymous_0)","decl":{"start":{"line":14,"column":2},"end":{"line":14,"column":3}},"loc":{"start":{"line":14,"column":14},"end":{"line":20,"column":3}},"line":14},"1":{"name":"(anonymous_1)","decl":{"start":{"line":21,"column":2},"end":{"line":21,"column":3}},"loc":{"start":{"line":21,"column":13},"end":{"line":23,"column":3}},"line":21},"2":{"name":"(anonymous_2)","decl":{"start":{"line":28,"column":2},"end":{"line":28,"column":3}},"loc":{"start":{"line":28,"column":16},"end":{"line":28,"column":24}},"line":28},"3":{"name":"(anonymous_3)","decl":{"start":{"line":29,"column":2},"end":{"line":29,"column":3}},"loc":{"start":{"line":29,"column":13},"end":{"line":40,"column":3}},"line":29},"4":{"name":"(anonymous_4)","decl":{"start":{"line":45,"column":9},"end":{"line":45,"column":10}},"loc":{"start":{"line":45,"column":26},"end":{"line":45,"column":62}},"line":45},"5":{"name":"(anonymous_5)","decl":{"start":{"line":46,"column":12},"end":{"line":46,"column":13}},"loc":{"start":{"line":46,"column":26},"end":{"line":46,"column":62}},"line":46},"6":{"name":"(anonymous_6)","decl":{"start":{"line":47,"column":10},"end":{"line":47,"column":11}},"loc":{"start":{"line":47,"column":16},"end":{"line":47,"column":40}},"line":47},"7":{"name":"(anonymous_7)","decl":{"start":{"line":48,"column":14},"end":{"line":48,"column":15}},"loc":{"start":{"line":48,"column":20},"end":{"line":48,"column":44}},"line":48},"8":{"name":"(anonymous_8)","decl":{"start":{"line":49,"column":17},"end":{"line":49,"column":18}},"loc":{"start":{"line":49,"column":34},"end":{"line":49,"column":71}},"line":49},"9":{"name":"(anonymous_9)","decl":{"start":{"line":50,"column":18},"end":{"line":50,"column":19}},"loc":{"start":{"line":50,"column":36},"end":{"line":50,"column":82}},"line":50},"10":{"name":"(anonymous_10)","decl":{"start":{"line":51,"column":18},"end":{"line":51,"column":19}},"loc":{"start":{"line":51,"column":29},"end":{"line":51,"column":73}},"line":51},"11":{"name":"(anonymous_11)","decl":{"start":{"line":52,"column":17},"end":{"line":52,"column":18}},"loc":{"start":{"line":52,"column":38},"end":{"line":52,"column":92}},"line":52},"12":{"name":"(anonymous_12)","decl":{"start":{"line":53,"column":15},"end":{"line":53,"column":16}},"loc":{"start":{"line":53,"column":26},"end":{"line":53,"column":64}},"line":53},"13":{"name":"(anonymous_13)","decl":{"start":{"line":58,"column":15},"end":{"line":58,"column":16}},"loc":{"start":{"line":58,"column":27},"end":{"line":58,"column":56}},"line":58},"14":{"name":"(anonymous_14)","decl":{"start":{"line":59,"column":15},"end":{"line":59,"column":16}},"loc":{"start":{"line":59,"column":23},"end":{"line":59,"column":46}},"line":59},"15":{"name":"(anonymous_15)","decl":{"start":{"line":60,"column":14},"end":{"line":60,"column":15}},"loc":{"start":{"line":60,"column":28},"end":{"line":60,"column":56}},"line":60},"16":{"name":"(anonymous_16)","decl":{"start":{"line":61,"column":14},"end":{"line":61,"column":15}},"loc":{"start":{"line":61,"column":32},"end":{"line":61,"column":65}},"line":61},"17":{"name":"(anonymous_17)","decl":{"start":{"line":62,"column":14},"end":{"line":62,"column":15}},"loc":{"start":{"line":62,"column":22},"end":{"line":62,"column":48}},"line":62},"18":{"name":"(anonymous_18)","decl":{"start":{"line":63,"column":15},"end":{"line":63,"column":16}},"loc":{"start":{"line":63,"column":27},"end":{"line":63,"column":88}},"line":63},"19":{"name":"(anonymous_19)","decl":{"start":{"line":64,"column":16},"end":{"line":64,"column":17}},"loc":{"start":{"line":64,"column":30},"end":{"line":66,"column":4}},"line":64},"20":{"name":"(anonymous_20)","decl":{"start":{"line":71,"column":17},"end":{"line":71,"column":18}},"loc":{"start":{"line":71,"column":29},"end":{"line":71,"column":60}},"line":71},"21":{"name":"(anonymous_21)","decl":{"start":{"line":72,"column":17},"end":{"line":72,"column":18}},"loc":{"start":{"line":72,"column":25},"end":{"line":72,"column":50}},"line":72},"22":{"name":"(anonymous_22)","decl":{"start":{"line":73,"column":16},"end":{"line":73,"column":17}},"loc":{"start":{"line":73,"column":32},"end":{"line":73,"column":64}},"line":73},"23":{"name":"(anonymous_23)","decl":{"start":{"line":74,"column":16},"end":{"line":74,"column":17}},"loc":{"start":{"line":74,"column":36},"end":{"line":74,"column":73}},"line":74},"24":{"name":"(anonymous_24)","decl":{"start":{"line":75,"column":16},"end":{"line":75,"column":17}},"loc":{"start":{"line":75,"column":24},"end":{"line":75,"column":52}},"line":75},"25":{"name":"(anonymous_25)","decl":{"start":{"line":76,"column":18},"end":{"line":76,"column":19}},"loc":{"start":{"line":76,"column":32},"end":{"line":76,"column":71}},"line":76},"26":{"name":"(anonymous_26)","decl":{"start":{"line":77,"column":22},"end":{"line":77,"column":23}},"loc":{"start":{"line":77,"column":36},"end":{"line":77,"column":77}},"line":77},"27":{"name":"(anonymous_27)","decl":{"start":{"line":78,"column":21},"end":{"line":78,"column":22}},"loc":{"start":{"line":78,"column":35},"end":{"line":78,"column":75}},"line":78},"28":{"name":"(anonymous_28)","decl":{"start":{"line":79,"column":16},"end":{"line":79,"column":17}},"loc":{"start":{"line":79,"column":22},"end":{"line":79,"column":52}},"line":79},"29":{"name":"(anonymous_29)","decl":{"start":{"line":80,"column":23},"end":{"line":80,"column":24}},"loc":{"start":{"line":80,"column":29},"end":{"line":80,"column":58}},"line":80},"30":{"name":"(anonymous_30)","decl":{"start":{"line":81,"column":18},"end":{"line":81,"column":19}},"loc":{"start":{"line":81,"column":42},"end":{"line":83,"column":4}},"line":81},"31":{"name":"(anonymous_31)","decl":{"start":{"line":88,"column":13},"end":{"line":88,"column":14}},"loc":{"start":{"line":88,"column":25},"end":{"line":88,"column":55}},"line":88},"32":{"name":"(anonymous_32)","decl":{"start":{"line":89,"column":16},"end":{"line":89,"column":17}},"loc":{"start":{"line":89,"column":24},"end":{"line":89,"column":48}},"line":89},"33":{"name":"(anonymous_33)","decl":{"start":{"line":90,"column":15},"end":{"line":90,"column":16}},"loc":{"start":{"line":90,"column":30},"end":{"line":90,"column":60}},"line":90},"34":{"name":"(anonymous_34)","decl":{"start":{"line":91,"column":15},"end":{"line":91,"column":16}},"loc":{"start":{"line":91,"column":34},"end":{"line":91,"column":69}},"line":91},"35":{"name":"(anonymous_35)","decl":{"start":{"line":92,"column":15},"end":{"line":92,"column":16}},"loc":{"start":{"line":92,"column":23},"end":{"line":92,"column":50}},"line":92},"36":{"name":"(anonymous_36)","decl":{"start":{"line":93,"column":20},"end":{"line":93,"column":21}},"loc":{"start":{"line":93,"column":35},"end":{"line":93,"column":74}},"line":93},"37":{"name":"(anonymous_37)","decl":{"start":{"line":94,"column":19},"end":{"line":94,"column":20}},"loc":{"start":{"line":94,"column":33},"end":{"line":94,"column":70}},"line":94},"38":{"name":"(anonymous_38)","decl":{"start":{"line":95,"column":15},"end":{"line":95,"column":16}},"loc":{"start":{"line":95,"column":21},"end":{"line":95,"column":49}},"line":95},"39":{"name":"(anonymous_39)","decl":{"start":{"line":96,"column":20},"end":{"line":96,"column":21}},"loc":{"start":{"line":96,"column":36},"end":{"line":96,"column":72}},"line":96},"40":{"name":"(anonymous_40)","decl":{"start":{"line":97,"column":16},"end":{"line":97,"column":17}},"loc":{"start":{"line":97,"column":28},"end":{"line":100,"column":4}},"line":97},"41":{"name":"(anonymous_41)","decl":{"start":{"line":105,"column":23},"end":{"line":105,"column":24}},"loc":{"start":{"line":105,"column":29},"end":{"line":105,"column":58}},"line":105},"42":{"name":"(anonymous_42)","decl":{"start":{"line":106,"column":21},"end":{"line":106,"column":22}},"loc":{"start":{"line":106,"column":27},"end":{"line":106,"column":54}},"line":106},"43":{"name":"(anonymous_43)","decl":{"start":{"line":107,"column":12},"end":{"line":107,"column":13}},"loc":{"start":{"line":107,"column":18},"end":{"line":107,"column":45}},"line":107},"44":{"name":"(anonymous_44)","decl":{"start":{"line":108,"column":21},"end":{"line":108,"column":22}},"loc":{"start":{"line":108,"column":27},"end":{"line":108,"column":57}},"line":108},"45":{"name":"(anonymous_45)","decl":{"start":{"line":109,"column":21},"end":{"line":109,"column":22}},"loc":{"start":{"line":109,"column":27},"end":{"line":109,"column":55}},"line":109},"46":{"name":"(anonymous_46)","decl":{"start":{"line":114,"column":20},"end":{"line":114,"column":21}},"loc":{"start":{"line":114,"column":32},"end":{"line":114,"column":69}},"line":114},"47":{"name":"(anonymous_47)","decl":{"start":{"line":115,"column":14},"end":{"line":115,"column":15}},"loc":{"start":{"line":115,"column":34},"end":{"line":115,"column":82}},"line":115},"48":{"name":"(anonymous_48)","decl":{"start":{"line":116,"column":17},"end":{"line":116,"column":18}},"loc":{"start":{"line":116,"column":23},"end":{"line":116,"column":57}},"line":116},"49":{"name":"(anonymous_49)","decl":{"start":{"line":117,"column":22},"end":{"line":117,"column":23}},"loc":{"start":{"line":117,"column":42},"end":{"line":117,"column":88}},"line":117},"50":{"name":"(anonymous_50)","decl":{"start":{"line":118,"column":18},"end":{"line":118,"column":19}},"loc":{"start":{"line":118,"column":24},"end":{"line":118,"column":62}},"line":118},"51":{"name":"(anonymous_51)","decl":{"start":{"line":122,"column":26},"end":{"line":122,"column":27}},"loc":{"start":{"line":122,"column":64},"end":{"line":139,"column":1}},"line":122},"52":{"name":"(anonymous_52)","decl":{"start":{"line":130,"column":22},"end":{"line":130,"column":23}},"loc":{"start":{"line":130,"column":41},"end":{"line":137,"column":5}},"line":130},"53":{"name":"(anonymous_53)","decl":{"start":{"line":142,"column":30},"end":{"line":142,"column":31}},"loc":{"start":{"line":142,"column":41},"end":{"line":170,"column":1}},"line":142}},"branchMap":{"0":{"loc":{"start":{"line":16,"column":4},"end":{"line":18,"column":5}},"type":"if","locations":[{"start":{"line":16,"column":4},"end":{"line":18,"column":5}},{"start":{},"end":{}}],"line":16},"1":{"loc":{"start":{"line":30,"column":4},"end":{"line":33,"column":5}},"type":"if","locations":[{"start":{"line":30,"column":4},"end":{"line":33,"column":5}},{"start":{},"end":{}}],"line":30},"2":{"loc":{"start":{"line":35,"column":4},"end":{"line":37,"column":5}},"type":"if","locations":[{"start":{"line":35,"column":4},"end":{"line":37,"column":5}},{"start":{},"end":{}}],"line":35},"3":{"loc":{"start":{"line":131,"column":6},"end":{"line":136,"column":7}},"type":"if","locations":[{"start":{"line":131,"column":6},"end":{"line":136,"column":7}},{"start":{},"end":{}}],"line":131},"4":{"loc":{"start":{"line":143,"column":2},"end":{"line":169,"column":3}},"type":"if","locations":[{"start":{"line":143,"column":2},"end":{"line":169,"column":3}},{"start":{"line":163,"column":9},"end":{"line":169,"column":3}}],"line":143},"5":{"loc":{"start":{"line":147,"column":4},"end":{"line":162,"column":5}},"type":"switch","locations":[{"start":{"line":148,"column":6},"end":{"line":149,"column":71}},{"start":{"line":150,"column":6},"end":{"line":151,"column":52}},{"start":{"line":152,"column":6},"end":{"line":153,"column":83}},{"start":{"line":154,"column":6},"end":{"line":155,"column":37}},{"start":{"line":156,"column":6},"end":{"line":157,"column":76}},{"start":{"line":158,"column":6},"end":{"line":159,"column":64}},{"start":{"line":160,"column":6},"end":{"line":161,"column":72}}],"line":147},"6":{"loc":{"start":{"line":149,"column":15},"end":{"line":149,"column":70}},"type":"binary-expr","locations":[{"start":{"line":149,"column":15},"end":{"line":149,"column":27}},{"start":{"line":149,"column":31},"end":{"line":149,"column":70}}],"line":149},"7":{"loc":{"start":{"line":157,"column":15},"end":{"line":157,"column":75}},"type":"binary-expr","locations":[{"start":{"line":157,"column":15},"end":{"line":157,"column":27}},{"start":{"line":157,"column":31},"end":{"line":157,"column":75}}],"line":157},"8":{"loc":{"start":{"line":161,"column":15},"end":{"line":161,"column":71}},"type":"binary-expr","locations":[{"start":{"line":161,"column":15},"end":{"line":161,"column":27}},{"start":{"line":161,"column":31},"end":{"line":161,"column":71}}],"line":161},"9":{"loc":{"start":{"line":163,"column":9},"end":{"line":169,"column":3}},"type":"if","locations":[{"start":{"line":163,"column":9},"end":{"line":169,"column":3}},{"start":{"line":166,"column":9},"end":{"line":169,"column":3}}],"line":163},"10":{"loc":{"start":{"line":168,"column":11},"end":{"line":168,"column":59}},"type":"binary-expr","locations":[{"start":{"line":168,"column":11},"end":{"line":168,"column":24}},{"start":{"line":168,"column":28},"end":{"line":168,"column":59}}],"line":168}},"s":{"0":0,"1":0,"2":0,"3":0,"4":0,"5":0,"6":0,"7":0,"8":0,"9":0,"10":0,"11":0,"12":0,"13":0,"14":0,"15":0,"16":0,"17":0,"18":0,"19":0,"20":0,"21":0,"22":0,"23":0,"24":0,"25":0,"26":0,"27":0,"28":0,"29":0,"30":0,"31":0,"32":0,"33":0,"34":0,"35":0,"36":0,"37":0,"38":0,"39":0,"40":0,"41":0,"42":0,"43":0,"44":0,"45":0,"46":0,"47":0,"48":0,"49":0,"50":0,"51":0,"52":0,"53":0,"54":0,"55":0,"56":0,"57":0,"58":0,"59":0,"60":0,"61":0,"62":0,"63":0,"64":0,"65":0,"66":0,"67":0,"68":0,"69":0,"70":0,"71":0,"72":0,"73":0,"74":0,"75":0,"76":0,"77":0,"78":0,"79":0,"80":0,"81":0,"82":0,"83":0,"84":0,"85":0,"86":0,"87":0,"88":0},"f":{"0":0,"1":0,"2":0,"3":0,"4":0,"5":0,"6":0,"7":0,"8":0,"9":0,"10":0,"11":0,"12":0,"13":0,"14":0,"15":0,"16":0,"17":0,"18":0,"19":0,"20":0,"21":0,"22":0,"23":0,"24":0,"25":0,"26":0,"27":0,"28":0,"29":0,"30":0,"31":0,"32":0,"33":0,"34":0,"35":0,"36":0,"37":0,"38":0,"39":0,"40":0,"41":0,"42":0,"43":0,"44":0,"45":0,"46":0,"47":0,"48":0,"49":0,"50":0,"51":0,"52":0,"53":0},"b":{"0":[0,0],"1":[0,0],"2":[0,0],"3":[0,0],"4":[0,0],"5":[0,0,0,0,0,0,0],"6":[0,0],"7":[0,0],"8":[0,0],"9":[0,0],"10":[0,0]}}
}
