TN:
SF:src\App.js
FN:27,App
FNF:1
FNH:0
FNDA:0,App
DA:28,0
DA:31,0
DA:32,0
DA:39,0
LF:4
LH:0
BRDA:31,0,0,0
BRDA:31,0,1,0
BRDA:129,1,0,0
BRDA:129,1,1,0
BRDA:130,2,0,0
BRDA:130,2,1,0
BRF:6
BRH:0
end_of_record
TN:
SF:src\index.js
FNF:0
FNH:0
DA:12,0
DA:22,0
DA:24,0
LF:3
LH:0
BRF:0
BRH:0
end_of_record
TN:
SF:src\setupProxy.js
FN:3,(anonymous_0)
FNF:1
FNH:0
FNDA:0,(anonymous_0)
DA:1,0
DA:3,0
DA:4,0
LF:3
LH:0
BRF:0
BRH:0
end_of_record
TN:
SF:src\components\LoadingSpinner.js
FN:4,(anonymous_0)
FNF:1
FNH:1
FNDA:1,(anonymous_0)
DA:4,1
DA:10,1
DA:17,1
DA:26,1
DA:44,1
LF:5
LH:5
BRDA:5,0,0,1
BRDA:6,1,0,1
BRDA:7,2,0,1
BRDA:8,3,0,1
BRDA:35,4,0,1
BRDA:35,4,1,0
BRF:6
BRH:5
end_of_record
TN:
SF:src\components\ProtectedRoute.js
FN:5,(anonymous_0)
FNF:1
FNH:0
FNDA:0,(anonymous_0)
DA:5,0
DA:6,0
DA:8,0
DA:9,0
DA:16,0
DA:17,0
DA:20,0
DA:21,0
DA:24,0
DA:25,0
DA:28,0
LF:11
LH:0
BRDA:5,0,0,0
BRDA:8,1,0,0
BRDA:8,1,1,0
BRDA:16,2,0,0
BRDA:16,2,1,0
BRDA:20,3,0,0
BRDA:20,3,1,0
BRDA:24,4,0,0
BRDA:24,4,1,0
BRDA:24,5,0,0
BRDA:24,5,1,0
BRF:11
BRH:0
end_of_record
TN:
SF:src\components\PublicRoute.js
FN:5,(anonymous_0)
FNF:1
FNH:0
FNDA:0,(anonymous_0)
DA:5,0
DA:6,0
DA:8,0
DA:9,0
DA:16,0
DA:17,0
DA:20,0
LF:7
LH:0
BRDA:8,0,0,0
BRDA:8,0,1,0
BRDA:16,1,0,0
BRDA:16,1,1,0
BRF:4
BRH:0
end_of_record
TN:
SF:src\context\AuthContext.js
FN:39,(anonymous_0)
FN:126,(anonymous_1)
FN:142,(anonymous_2)
FN:150,(anonymous_3)
FN:151,(anonymous_4)
FN:186,(anonymous_5)
FN:215,(anonymous_6)
FN:238,(anonymous_7)
FN:254,(anonymous_8)
FN:270,(anonymous_9)
FN:279,(anonymous_10)
FN:288,(anonymous_11)
FN:297,(anonymous_12)
FN:305,(anonymous_13)
FN:313,(anonymous_14)
FN:318,(anonymous_15)
FNF:16
FNH:0
FNDA:0,(anonymous_0)
FNDA:0,(anonymous_1)
FNDA:0,(anonymous_2)
FNDA:0,(anonymous_3)
FNDA:0,(anonymous_4)
FNDA:0,(anonymous_5)
FNDA:0,(anonymous_6)
FNDA:0,(anonymous_7)
FNDA:0,(anonymous_8)
FNDA:0,(anonymous_9)
FNDA:0,(anonymous_10)
FNDA:0,(anonymous_11)
FNDA:0,(anonymous_12)
FNDA:0,(anonymous_13)
FNDA:0,(anonymous_14)
FNDA:0,(anonymous_15)
DA:8,0
DA:20,0
DA:39,0
DA:40,0
DA:44,0
DA:52,0
DA:53,0
DA:64,0
DA:75,0
DA:76,0
DA:87,0
DA:88,0
DA:99,0
DA:106,0
DA:113,0
DA:118,0
DA:126,0
DA:127,0
DA:128,0
DA:129,0
DA:131,0
DA:142,0
DA:144,0
DA:150,0
DA:151,0
DA:152,0
DA:153,0
DA:154,0
DA:155,0
DA:156,0
DA:157,0
DA:162,0
DA:169,0
DA:176,0
DA:186,0
DA:187,0
DA:188,0
DA:189,0
DA:190,0
DA:194,0
DA:196,0
DA:197,0
DA:201,0
DA:215,0
DA:216,0
DA:217,0
DA:218,0
DA:219,0
DA:223,0
DA:225,0
DA:226,0
DA:230,0
DA:238,0
DA:239,0
DA:240,0
DA:242,0
DA:245,0
DA:254,0
DA:255,0
DA:256,0
DA:260,0
DA:270,0
DA:271,0
DA:272,0
DA:279,0
DA:280,0
DA:288,0
DA:289,0
DA:297,0
DA:298,0
DA:305,0
DA:306,0
DA:313,0
DA:314,0
DA:318,0
DA:333,0
LF:76
LH:0
BRDA:40,0,0,0
BRDA:40,0,1,0
BRDA:40,0,2,0
BRDA:40,0,3,0
BRDA:40,0,4,0
BRDA:40,0,5,0
BRDA:40,0,6,0
BRDA:40,0,7,0
BRDA:40,0,8,0
BRDA:40,0,9,0
BRDA:128,1,0,0
BRDA:128,1,1,0
BRDA:153,2,0,0
BRDA:153,2,1,0
BRDA:164,3,0,0
BRDA:164,3,1,0
BRDA:196,4,0,0
BRDA:196,4,1,0
BRDA:225,5,0,0
BRDA:225,5,1,0
BRF:20
BRH:0
end_of_record
TN:
SF:src\pages\AdminLoginPage.js
FN:7,(anonymous_0)
FN:21,(anonymous_1)
FN:35,(anonymous_2)
FN:37,(anonymous_3)
FN:44,(anonymous_4)
FN:51,(anonymous_5)
FN:55,(anonymous_6)
FN:88,(anonymous_7)
FN:234,(anonymous_8)
FN:261,(anonymous_9)
FNF:10
FNH:0
FNDA:0,(anonymous_0)
FNDA:0,(anonymous_1)
FNDA:0,(anonymous_2)
FNDA:0,(anonymous_3)
FNDA:0,(anonymous_4)
FNDA:0,(anonymous_5)
FNDA:0,(anonymous_6)
FNDA:0,(anonymous_7)
FNDA:0,(anonymous_8)
FNDA:0,(anonymous_9)
DA:7,0
DA:8,0
DA:12,0
DA:13,0
DA:14,0
DA:15,0
DA:17,0
DA:18,0
DA:21,0
DA:22,0
DA:24,0
DA:25,0
DA:28,0
DA:29,0
DA:32,0
DA:35,0
DA:36,0
DA:37,0
DA:43,0
DA:44,0
DA:51,0
DA:52,0
DA:55,0
DA:56,0
DA:57,0
DA:60,0
DA:61,0
DA:62,0
DA:65,0
DA:67,0
DA:68,0
DA:69,0
DA:70,0
DA:71,0
DA:73,0
DA:74,0
DA:76,0
DA:78,0
DA:79,0
DA:81,0
DA:84,0
DA:88,0
DA:89,0
DA:90,0
DA:91,0
DA:95,0
DA:96,0
DA:97,0
DA:99,0
DA:100,0
DA:101,0
DA:102,0
DA:104,0
DA:108,0
DA:234,0
DA:261,0
LF:56
LH:0
BRDA:24,0,0,0
BRDA:24,0,1,0
BRDA:24,1,0,0
BRDA:24,1,1,0
BRDA:28,2,0,0
BRDA:28,2,1,0
BRDA:28,3,0,0
BRDA:28,3,1,0
BRDA:43,4,0,0
BRDA:43,4,1,0
BRDA:55,5,0,0
BRDA:55,5,1,0
BRDA:60,6,0,0
BRDA:60,6,1,0
BRDA:60,7,0,0
BRDA:60,7,1,0
BRDA:76,8,0,0
BRDA:76,8,1,0
BRDA:78,9,0,0
BRDA:78,9,1,0
BRDA:101,10,0,0
BRDA:101,10,1,0
BRDA:119,11,0,0
BRDA:119,11,1,0
BRDA:182,12,0,0
BRDA:182,12,1,0
BRDA:188,13,0,0
BRDA:188,13,1,0
BRDA:190,14,0,0
BRDA:190,14,1,0
BRDA:202,15,0,0
BRDA:202,15,1,0
BRDA:221,16,0,0
BRDA:221,16,1,0
BRDA:225,17,0,0
BRDA:225,17,1,0
BRDA:236,18,0,0
BRDA:236,18,1,0
BRDA:248,19,0,0
BRDA:248,19,1,0
BRDA:261,20,0,0
BRDA:261,20,1,0
BRDA:264,21,0,0
BRDA:264,21,1,0
BRDA:298,22,0,0
BRDA:298,22,1,0
BRF:46
BRH:0
end_of_record
TN:
SF:src\pages\AdminPage.js
FN:7,(anonymous_0)
FN:40,(anonymous_1)
FN:44,(anonymous_2)
FN:55,(anonymous_3)
FN:68,(anonymous_4)
FN:79,(anonymous_5)
FN:90,(anonymous_6)
FN:143,(anonymous_7)
FN:149,(anonymous_8)
FN:202,(anonymous_9)
FN:236,(anonymous_10)
FN:247,(anonymous_11)
FN:253,(anonymous_12)
FN:281,(anonymous_13)
FN:291,(anonymous_14)
FN:301,(anonymous_15)
FN:310,(anonymous_16)
FN:322,(anonymous_17)
FN:331,(anonymous_18)
FN:340,(anonymous_19)
FN:348,(anonymous_20)
FN:381,(anonymous_21)
FN:392,(anonymous_22)
FN:426,(anonymous_23)
FN:446,(anonymous_24)
FN:456,(anonymous_25)
FN:466,(anonymous_26)
FN:476,(anonymous_27)
FN:485,(anonymous_28)
FN:494,(anonymous_29)
FN:502,(anonymous_30)
FN:523,(anonymous_31)
FNF:32
FNH:0
FNDA:0,(anonymous_0)
FNDA:0,(anonymous_1)
FNDA:0,(anonymous_2)
FNDA:0,(anonymous_3)
FNDA:0,(anonymous_4)
FNDA:0,(anonymous_5)
FNDA:0,(anonymous_6)
FNDA:0,(anonymous_7)
FNDA:0,(anonymous_8)
FNDA:0,(anonymous_9)
FNDA:0,(anonymous_10)
FNDA:0,(anonymous_11)
FNDA:0,(anonymous_12)
FNDA:0,(anonymous_13)
FNDA:0,(anonymous_14)
FNDA:0,(anonymous_15)
FNDA:0,(anonymous_16)
FNDA:0,(anonymous_17)
FNDA:0,(anonymous_18)
FNDA:0,(anonymous_19)
FNDA:0,(anonymous_20)
FNDA:0,(anonymous_21)
FNDA:0,(anonymous_22)
FNDA:0,(anonymous_23)
FNDA:0,(anonymous_24)
FNDA:0,(anonymous_25)
FNDA:0,(anonymous_26)
FNDA:0,(anonymous_27)
FNDA:0,(anonymous_28)
FNDA:0,(anonymous_29)
FNDA:0,(anonymous_30)
FNDA:0,(anonymous_31)
DA:7,0
DA:8,0
DA:9,0
DA:10,0
DA:11,0
DA:12,0
DA:13,0
DA:14,0
DA:27,0
DA:40,0
DA:41,0
DA:44,0
DA:45,0
DA:46,0
DA:47,0
DA:49,0
DA:51,0
DA:55,0
DA:56,0
DA:57,0
DA:68,0
DA:69,0
DA:70,0
DA:71,0
DA:72,0
DA:73,0
DA:75,0
DA:79,0
DA:80,0
DA:81,0
DA:82,0
DA:83,0
DA:85,0
DA:90,0
DA:91,0
DA:94,0
DA:95,0
DA:96,0
DA:99,0
DA:100,0
DA:101,0
DA:104,0
DA:106,0
DA:107,0
DA:119,0
DA:120,0
DA:121,0
DA:122,0
DA:134,0
DA:136,0
DA:137,0
DA:139,0
DA:143,0
DA:144,0
DA:145,0
DA:146,0
DA:147,0
DA:149,0
DA:156,0
DA:157,0
DA:160,0
DA:202,0
DA:237,0
DA:247,0
DA:253,0
DA:281,0
DA:291,0
DA:301,0
DA:310,0
DA:322,0
DA:331,0
DA:340,0
DA:348,0
DA:381,0
DA:392,0
DA:426,0
DA:446,0
DA:456,0
DA:466,0
DA:476,0
DA:485,0
DA:494,0
DA:502,0
DA:523,0
LF:84
LH:0
BRDA:61,0,0,0
BRDA:61,0,1,0
BRDA:62,1,0,0
BRDA:62,1,1,0
BRDA:63,2,0,0
BRDA:63,2,1,0
BRDA:64,3,0,0
BRDA:64,3,1,0
BRDA:80,4,0,0
BRDA:80,4,1,0
BRDA:94,5,0,0
BRDA:94,5,1,0
BRDA:99,6,0,0
BRDA:99,6,1,0
BRDA:136,7,0,0
BRDA:136,7,1,0
BRDA:156,8,0,0
BRDA:156,8,1,0
BRDA:208,9,0,0
BRDA:208,9,1,0
BRDA:242,10,0,0
BRDA:242,10,1,0
BRDA:243,11,0,0
BRDA:243,11,1,0
BRDA:244,12,0,0
BRDA:244,12,1,0
BRDA:266,13,0,0
BRDA:266,13,1,0
BRDA:407,14,0,0
BRDA:407,14,1,0
BRDA:436,15,0,0
BRDA:436,15,1,0
BRF:32
BRH:0
end_of_record
TN:
SF:src\pages\CoursesPage.js
FN:5,(anonymous_0)
FN:10,(anonymous_1)
FN:14,(anonymous_2)
FN:84,(anonymous_3)
FNF:4
FNH:0
FNDA:0,(anonymous_0)
FNDA:0,(anonymous_1)
FNDA:0,(anonymous_2)
FNDA:0,(anonymous_3)
DA:5,0
DA:6,0
DA:7,0
DA:8,0
DA:10,0
DA:11,0
DA:14,0
DA:15,0
DA:16,0
DA:17,0
DA:18,0
DA:20,0
DA:21,0
DA:23,0
DA:27,0
DA:28,0
DA:35,0
DA:36,0
DA:43,0
DA:85,0
LF:20
LH:0
BRDA:27,0,0,0
BRDA:27,0,1,0
BRDA:35,1,0,0
BRDA:35,1,1,0
BRDA:80,2,0,0
BRDA:80,2,1,0
BRF:6
BRH:0
end_of_record
TN:
SF:src\pages\DashboardPage.js
FN:8,(anonymous_0)
FN:26,(anonymous_1)
FN:32,(anonymous_2)
FN:45,(anonymous_3)
FN:53,(anonymous_4)
FN:88,(anonymous_5)
FN:115,(anonymous_6)
FN:133,(anonymous_7)
FN:148,(anonymous_8)
FN:343,(anonymous_9)
FN:349,(anonymous_10)
FN:374,(anonymous_11)
FN:409,(anonymous_12)
FN:516,(anonymous_13)
FN:536,(anonymous_14)
FN:546,(anonymous_15)
FN:556,(anonymous_16)
FN:566,(anonymous_17)
FN:575,(anonymous_18)
FN:584,(anonymous_19)
FN:593,(anonymous_20)
FN:604,(anonymous_21)
FN:614,(anonymous_22)
FN:648,(anonymous_23)
FN:662,(anonymous_24)
FN:669,(anonymous_25)
FN:707,(anonymous_26)
FN:738,(anonymous_27)
FNF:28
FNH:0
FNDA:0,(anonymous_0)
FNDA:0,(anonymous_1)
FNDA:0,(anonymous_2)
FNDA:0,(anonymous_3)
FNDA:0,(anonymous_4)
FNDA:0,(anonymous_5)
FNDA:0,(anonymous_6)
FNDA:0,(anonymous_7)
FNDA:0,(anonymous_8)
FNDA:0,(anonymous_9)
FNDA:0,(anonymous_10)
FNDA:0,(anonymous_11)
FNDA:0,(anonymous_12)
FNDA:0,(anonymous_13)
FNDA:0,(anonymous_14)
FNDA:0,(anonymous_15)
FNDA:0,(anonymous_16)
FNDA:0,(anonymous_17)
FNDA:0,(anonymous_18)
FNDA:0,(anonymous_19)
FNDA:0,(anonymous_20)
FNDA:0,(anonymous_21)
FNDA:0,(anonymous_22)
FNDA:0,(anonymous_23)
FNDA:0,(anonymous_24)
FNDA:0,(anonymous_25)
FNDA:0,(anonymous_26)
FNDA:0,(anonymous_27)
DA:8,0
DA:9,0
DA:10,0
DA:11,0
DA:12,0
DA:13,0
DA:14,0
DA:26,0
DA:27,0
DA:28,0
DA:32,0
DA:33,0
DA:34,0
DA:35,0
DA:36,0
DA:38,0
DA:39,0
DA:41,0
DA:45,0
DA:46,0
DA:47,0
DA:49,0
DA:53,0
DA:54,0
DA:55,0
DA:56,0
DA:57,0
DA:60,0
DA:61,0
DA:62,0
DA:66,0
DA:67,0
DA:68,0
DA:79,0
DA:81,0
DA:82,0
DA:84,0
DA:88,0
DA:89,0
DA:90,0
DA:91,0
DA:92,0
DA:93,0
DA:94,0
DA:95,0
DA:106,0
DA:108,0
DA:109,0
DA:111,0
DA:115,0
DA:116,0
DA:117,0
DA:120,0
DA:121,0
DA:122,0
DA:123,0
DA:124,0
DA:126,0
DA:127,0
DA:129,0
DA:133,0
DA:134,0
DA:135,0
DA:148,0
DA:149,0
DA:150,0
DA:151,0
DA:164,0
DA:195,0
DA:219,0
DA:250,0
DA:271,0
DA:343,0
DA:351,0
DA:352,0
DA:353,0
DA:355,0
DA:375,0
DA:376,0
DA:410,0
DA:516,0
DA:536,0
DA:546,0
DA:556,0
DA:566,0
DA:575,0
DA:584,0
DA:593,0
DA:604,0
DA:614,0
DA:649,0
DA:662,0
DA:669,0
DA:708,0
DA:739,0
DA:740,0
LF:96
LH:0
BRDA:27,0,0,0
BRDA:27,0,1,0
BRDA:36,1,0,0
BRDA:36,1,1,0
BRDA:55,2,0,0
BRDA:55,2,1,0
BRDA:116,3,0,0
BRDA:116,3,1,0
BRDA:139,4,0,0
BRDA:139,4,1,0
BRDA:140,5,0,0
BRDA:140,5,1,0
BRDA:141,6,0,0
BRDA:141,6,1,0
BRDA:142,7,0,0
BRDA:142,7,1,0
BRDA:280,8,0,0
BRDA:280,8,1,0
BRDA:316,9,0,0
BRDA:316,9,1,0
BRDA:352,10,0,0
BRDA:352,10,1,0
BRDA:453,11,0,0
BRDA:453,11,1,0
BRDA:508,12,0,0
BRDA:508,12,1,0
BRDA:520,13,0,0
BRDA:520,13,1,0
BRDA:525,14,0,0
BRDA:525,14,1,0
BRDA:525,14,2,0
BRDA:528,15,0,0
BRDA:528,15,1,0
BRDA:530,16,0,0
BRDA:530,16,1,0
BRDA:597,17,0,0
BRDA:597,17,1,0
BRDA:627,18,0,0
BRDA:627,18,1,0
BRDA:627,19,0,0
BRDA:627,19,1,0
BRDA:643,20,0,0
BRDA:643,20,1,0
BRDA:645,21,0,0
BRDA:645,21,1,0
BRDA:657,22,0,0
BRDA:657,22,1,0
BRDA:679,23,0,0
BRDA:679,23,1,0
BRDA:713,24,0,0
BRDA:713,24,1,0
BRDA:714,25,0,0
BRDA:714,25,1,0
BRDA:742,26,0,0
BRDA:742,26,1,0
BRDA:747,27,0,0
BRDA:747,27,1,0
BRDA:752,28,0,0
BRDA:752,28,1,0
BRDA:759,29,0,0
BRDA:759,29,1,0
BRDA:766,30,0,0
BRDA:766,30,1,0
BRDA:773,31,0,0
BRDA:773,31,1,0
BRF:65
BRH:0
end_of_record
TN:
SF:src\pages\ForgotPasswordPage.js
FN:7,(anonymous_0)
FN:13,(anonymous_1)
FN:20,(anonymous_2)
FN:71,(anonymous_3)
FNF:4
FNH:0
FNDA:0,(anonymous_0)
FNDA:0,(anonymous_1)
FNDA:0,(anonymous_2)
FNDA:0,(anonymous_3)
DA:7,0
DA:8,0
DA:9,0
DA:10,0
DA:11,0
DA:13,0
DA:14,0
DA:15,0
DA:16,0
DA:20,0
DA:21,0
DA:23,0
DA:24,0
DA:25,0
DA:28,0
DA:29,0
DA:30,0
DA:33,0
DA:34,0
DA:36,0
DA:37,0
DA:38,0
DA:39,0
DA:41,0
DA:42,0
DA:43,0
DA:45,0
DA:49,0
DA:50,0
DA:71,0
DA:91,0
LF:31
LH:0
BRDA:15,0,0,0
BRDA:15,0,1,0
BRDA:23,1,0,0
BRDA:23,1,1,0
BRDA:28,2,0,0
BRDA:28,2,1,0
BRDA:49,3,0,0
BRDA:49,3,1,0
BRDA:126,4,0,0
BRDA:126,4,1,0
BRDA:132,5,0,0
BRDA:132,5,1,0
BRDA:142,6,0,0
BRDA:142,6,1,0
BRF:14
BRH:0
end_of_record
TN:
SF:src\pages\GradesPage.js
FN:3,(anonymous_0)
FNF:1
FNH:0
FNDA:0,(anonymous_0)
DA:3,0
DA:4,0
LF:2
LH:0
BRF:0
BRH:0
end_of_record
TN:
SF:src\pages\HomePage.js
FN:28,(anonymous_0)
FN:191,(anonymous_1)
FN:241,(anonymous_2)
FN:325,(anonymous_3)
FN:369,(anonymous_4)
FN:506,(anonymous_5)
FN:527,(anonymous_6)
FN:530,(anonymous_7)
FN:566,(anonymous_8)
FN:594,(anonymous_9)
FN:603,(anonymous_10)
FN:743,(anonymous_11)
FNF:12
FNH:7
FNDA:1,(anonymous_0)
FNDA:0,(anonymous_1)
FNDA:0,(anonymous_2)
FNDA:3,(anonymous_3)
FNDA:6,(anonymous_4)
FNDA:5,(anonymous_5)
FNDA:3,(anonymous_6)
FNDA:0,(anonymous_7)
FNDA:2,(anonymous_8)
FNDA:11,(anonymous_9)
FNDA:0,(anonymous_10)
FNDA:0,(anonymous_11)
DA:28,1
DA:29,1
DA:30,1
DA:31,1
DA:33,1
DA:66,1
DA:72,1
DA:96,1
DA:124,1
DA:130,1
DA:138,1
DA:191,0
DA:241,0
DA:326,3
DA:370,6
DA:507,5
DA:528,3
DA:530,0
DA:567,2
DA:595,11
DA:603,0
DA:743,0
LF:22
LH:17
BRDA:194,0,0,0
BRDA:194,0,1,1
BRDA:201,1,0,1
BRDA:201,1,1,0
BRDA:532,2,0,1
BRDA:532,2,1,2
BRDA:570,3,0,0
BRDA:570,3,1,2
BRDA:575,4,0,2
BRDA:575,4,1,0
BRDA:587,5,0,2
BRDA:587,5,1,1
BRDA:587,5,2,0
BRDA:605,6,0,0
BRDA:605,6,1,2
BRDA:610,7,0,1
BRDA:610,7,1,1
BRF:17
BRH:11
end_of_record
TN:
SF:src\pages\LoginPage.js
FN:7,(anonymous_0)
FN:23,(anonymous_1)
FN:27,(anonymous_2)
FN:32,(anonymous_3)
FN:46,(anonymous_4)
FN:48,(anonymous_5)
FN:55,(anonymous_6)
FN:62,(anonymous_7)
FN:63,(anonymous_8)
FN:66,(anonymous_9)
FN:74,(anonymous_10)
FN:93,(anonymous_11)
FN:101,(anonymous_12)
FN:149,(anonymous_13)
FN:223,(anonymous_14)
FN:227,(anonymous_15)
FN:310,(anonymous_16)
FN:344,(anonymous_17)
FN:372,(anonymous_18)
FNF:19
FNH:0
FNDA:0,(anonymous_0)
FNDA:0,(anonymous_1)
FNDA:0,(anonymous_2)
FNDA:0,(anonymous_3)
FNDA:0,(anonymous_4)
FNDA:0,(anonymous_5)
FNDA:0,(anonymous_6)
FNDA:0,(anonymous_7)
FNDA:0,(anonymous_8)
FNDA:0,(anonymous_9)
FNDA:0,(anonymous_10)
FNDA:0,(anonymous_11)
FNDA:0,(anonymous_12)
FNDA:0,(anonymous_13)
FNDA:0,(anonymous_14)
FNDA:0,(anonymous_15)
FNDA:0,(anonymous_16)
FNDA:0,(anonymous_17)
FNDA:0,(anonymous_18)
DA:7,0
DA:8,0
DA:13,0
DA:14,0
DA:15,0
DA:16,0
DA:18,0
DA:19,0
DA:20,0
DA:23,0
DA:24,0
DA:25,0
DA:26,0
DA:27,0
DA:32,0
DA:33,0
DA:35,0
DA:36,0
DA:39,0
DA:40,0
DA:43,0
DA:46,0
DA:47,0
DA:48,0
DA:54,0
DA:55,0
DA:62,0
DA:63,0
DA:66,0
DA:67,0
DA:68,0
DA:69,0
DA:70,0
DA:74,0
DA:75,0
DA:77,0
DA:83,0
DA:89,0
DA:93,0
DA:94,0
DA:95,0
DA:96,0
DA:97,0
DA:101,0
DA:102,0
DA:105,0
DA:106,0
DA:107,0
DA:110,0
DA:111,0
DA:112,0
DA:115,0
DA:116,0
DA:117,0
DA:118,0
DA:119,0
DA:121,0
DA:124,0
DA:126,0
DA:127,0
DA:130,0
DA:131,0
DA:134,0
DA:135,0
DA:137,0
DA:139,0
DA:140,0
DA:142,0
DA:145,0
DA:149,0
DA:150,0
DA:151,0
DA:152,0
DA:157,0
DA:158,0
DA:161,0
DA:163,0
DA:164,0
DA:167,0
DA:168,0
DA:171,0
DA:172,0
DA:174,0
DA:178,0
DA:180,0
DA:224,0
DA:227,0
DA:310,0
DA:344,0
DA:372,0
LF:90
LH:0
BRDA:26,0,0,0
BRDA:26,0,1,0
BRDA:26,1,0,0
BRDA:26,1,1,0
BRDA:35,2,0,0
BRDA:35,2,1,0
BRDA:35,3,0,0
BRDA:35,3,1,0
BRDA:39,4,0,0
BRDA:39,4,1,0
BRDA:39,5,0,0
BRDA:39,5,1,0
BRDA:54,6,0,0
BRDA:54,6,1,0
BRDA:67,7,0,0
BRDA:67,7,1,0
BRDA:67,7,2,0
BRDA:75,8,0,0
BRDA:75,8,1,0
BRDA:75,8,2,0
BRDA:94,9,0,0
BRDA:94,9,1,0
BRDA:94,9,2,0
BRDA:105,10,0,0
BRDA:105,10,1,0
BRDA:110,11,0,0
BRDA:110,11,1,0
BRDA:110,12,0,0
BRDA:110,12,1,0
BRDA:124,13,0,0
BRDA:124,13,1,0
BRDA:124,13,2,0
BRDA:137,14,0,0
BRDA:137,14,1,0
BRDA:139,15,0,0
BRDA:139,15,1,0
BRDA:161,16,0,0
BRDA:161,16,1,0
BRDA:161,16,2,0
BRDA:171,17,0,0
BRDA:171,17,1,0
BRDA:200,18,0,0
BRDA:200,18,1,0
BRDA:229,19,0,0
BRDA:229,19,1,0
BRDA:235,20,0,0
BRDA:235,20,1,0
BRDA:259,21,0,0
BRDA:259,21,1,0
BRDA:265,22,0,0
BRDA:265,22,1,0
BRDA:267,23,0,0
BRDA:267,23,1,0
BRDA:279,24,0,0
BRDA:279,24,1,0
BRDA:297,25,0,0
BRDA:297,25,1,0
BRDA:301,26,0,0
BRDA:301,26,1,0
BRDA:312,27,0,0
BRDA:312,27,1,0
BRDA:324,28,0,0
BRDA:324,28,1,0
BRDA:344,29,0,0
BRDA:344,29,1,0
BRDA:347,30,0,0
BRDA:347,30,1,0
BRDA:376,31,0,0
BRDA:376,31,1,0
BRF:69
BRH:0
end_of_record
TN:
SF:src\pages\NotFoundPage.js
FN:3,(anonymous_0)
FNF:1
FNH:0
FNDA:0,(anonymous_0)
DA:3,0
DA:4,0
LF:2
LH:0
BRF:0
BRH:0
end_of_record
TN:
SF:src\pages\ProfilePage.js
FN:3,(anonymous_0)
FNF:1
FNH:0
FNDA:0,(anonymous_0)
DA:3,0
DA:4,0
LF:2
LH:0
BRF:0
BRH:0
end_of_record
TN:
SF:src\pages\RegisterPage.js
FN:7,(anonymous_0)
FN:38,(anonymous_1)
FN:44,(anonymous_2)
FN:46,(anonymous_3)
FN:53,(anonymous_4)
FN:60,(anonymous_5)
FN:61,(anonymous_6)
FN:63,(anonymous_7)
FN:69,(anonymous_8)
FN:70,(anonymous_9)
FN:83,(anonymous_10)
FN:84,(anonymous_11)
FN:86,(anonymous_12)
FN:90,(anonymous_13)
FN:91,(anonymous_14)
FN:104,(anonymous_15)
FN:105,(anonymous_16)
FN:112,(anonymous_17)
FN:216,(anonymous_18)
FN:245,(anonymous_19)
FN:247,(anonymous_20)
FN:251,(anonymous_21)
FN:252,(anonymous_22)
FN:255,(anonymous_23)
FN:282,(anonymous_24)
FN:290,(anonymous_25)
FN:309,(anonymous_26)
FN:317,(anonymous_27)
FN:321,(anonymous_28)
FN:321,(anonymous_29)
FN:345,(anonymous_30)
FN:364,(anonymous_31)
FN:368,(anonymous_32)
FN:404,(anonymous_33)
FN:431,(anonymous_34)
FN:459,(anonymous_35)
FN:488,(anonymous_36)
FN:493,(anonymous_37)
FN:533,(anonymous_38)
FN:538,(anonymous_39)
FN:568,(anonymous_40)
FN:604,(anonymous_41)
FN:628,(anonymous_42)
FN:663,(anonymous_43)
FN:707,(anonymous_44)
FN:737,(anonymous_45)
FN:743,(anonymous_46)
FN:745,(anonymous_47)
FN:750,(anonymous_48)
FN:752,(anonymous_49)
FN:784,(anonymous_50)
FN:801,(anonymous_51)
FN:900,(anonymous_52)
FN:906,(anonymous_53)
FN:923,(anonymous_54)
FN:932,(anonymous_55)
FN:956,(anonymous_56)
FN:974,(anonymous_57)
FN:985,(anonymous_58)
FN:1008,(anonymous_59)
FN:1090,(anonymous_60)
FNF:61
FNH:0
FNDA:0,(anonymous_0)
FNDA:0,(anonymous_1)
FNDA:0,(anonymous_2)
FNDA:0,(anonymous_3)
FNDA:0,(anonymous_4)
FNDA:0,(anonymous_5)
FNDA:0,(anonymous_6)
FNDA:0,(anonymous_7)
FNDA:0,(anonymous_8)
FNDA:0,(anonymous_9)
FNDA:0,(anonymous_10)
FNDA:0,(anonymous_11)
FNDA:0,(anonymous_12)
FNDA:0,(anonymous_13)
FNDA:0,(anonymous_14)
FNDA:0,(anonymous_15)
FNDA:0,(anonymous_16)
FNDA:0,(anonymous_17)
FNDA:0,(anonymous_18)
FNDA:0,(anonymous_19)
FNDA:0,(anonymous_20)
FNDA:0,(anonymous_21)
FNDA:0,(anonymous_22)
FNDA:0,(anonymous_23)
FNDA:0,(anonymous_24)
FNDA:0,(anonymous_25)
FNDA:0,(anonymous_26)
FNDA:0,(anonymous_27)
FNDA:0,(anonymous_28)
FNDA:0,(anonymous_29)
FNDA:0,(anonymous_30)
FNDA:0,(anonymous_31)
FNDA:0,(anonymous_32)
FNDA:0,(anonymous_33)
FNDA:0,(anonymous_34)
FNDA:0,(anonymous_35)
FNDA:0,(anonymous_36)
FNDA:0,(anonymous_37)
FNDA:0,(anonymous_38)
FNDA:0,(anonymous_39)
FNDA:0,(anonymous_40)
FNDA:0,(anonymous_41)
FNDA:0,(anonymous_42)
FNDA:0,(anonymous_43)
FNDA:0,(anonymous_44)
FNDA:0,(anonymous_45)
FNDA:0,(anonymous_46)
FNDA:0,(anonymous_47)
FNDA:0,(anonymous_48)
FNDA:0,(anonymous_49)
FNDA:0,(anonymous_50)
FNDA:0,(anonymous_51)
FNDA:0,(anonymous_52)
FNDA:0,(anonymous_53)
FNDA:0,(anonymous_54)
FNDA:0,(anonymous_55)
FNDA:0,(anonymous_56)
FNDA:0,(anonymous_57)
FNDA:0,(anonymous_58)
FNDA:0,(anonymous_59)
FNDA:0,(anonymous_60)
DA:7,0
DA:8,0
DA:9,0
DA:10,0
DA:11,0
DA:12,0
DA:33,0
DA:34,0
DA:35,0
DA:36,0
DA:38,0
DA:39,0
DA:40,0
DA:44,0
DA:45,0
DA:46,0
DA:52,0
DA:53,0
DA:60,0
DA:61,0
DA:64,0
DA:69,0
DA:70,0
DA:83,0
DA:84,0
DA:86,0
DA:90,0
DA:91,0
DA:104,0
DA:105,0
DA:109,0
DA:112,0
DA:113,0
DA:115,0
DA:117,0
DA:118,0
DA:119,0
DA:120,0
DA:122,0
DA:124,0
DA:127,0
DA:128,0
DA:129,0
DA:130,0
DA:132,0
DA:134,0
DA:137,0
DA:138,0
DA:139,0
DA:140,0
DA:141,0
DA:143,0
DA:145,0
DA:148,0
DA:149,0
DA:150,0
DA:151,0
DA:152,0
DA:153,0
DA:155,0
DA:157,0
DA:160,0
DA:161,0
DA:162,0
DA:163,0
DA:165,0
DA:167,0
DA:170,0
DA:171,0
DA:173,0
DA:175,0
DA:178,0
DA:179,0
DA:181,0
DA:183,0
DA:186,0
DA:187,0
DA:189,0
DA:191,0
DA:194,0
DA:195,0
DA:197,0
DA:199,0
DA:202,0
DA:203,0
DA:205,0
DA:207,0
DA:210,0
DA:213,0
DA:216,0
DA:217,0
DA:219,0
DA:220,0
DA:221,0
DA:222,0
DA:223,0
DA:224,0
DA:225,0
DA:228,0
DA:229,0
DA:230,0
DA:231,0
DA:232,0
DA:233,0
DA:237,0
DA:238,0
DA:241,0
DA:242,0
DA:245,0
DA:246,0
DA:247,0
DA:251,0
DA:252,0
DA:255,0
DA:256,0
DA:258,0
DA:259,0
DA:262,0
DA:264,0
DA:266,0
DA:267,0
DA:268,0
DA:269,0
DA:270,0
DA:272,0
DA:275,0
DA:276,0
DA:278,0
DA:282,0
DA:283,0
DA:284,0
DA:285,0
DA:286,0
DA:290,0
DA:291,0
DA:293,0
DA:299,0
DA:305,0
DA:309,0
DA:310,0
DA:311,0
DA:312,0
DA:313,0
DA:317,0
DA:318,0
DA:319,0
DA:321,0
DA:322,0
DA:345,0
DA:346,0
DA:347,0
DA:365,0
DA:368,0
DA:404,0
DA:431,0
DA:459,0
DA:488,0
DA:493,0
DA:533,0
DA:538,0
DA:568,0
DA:569,0
DA:570,0
DA:604,0
DA:628,0
DA:663,0
DA:707,0
DA:738,0
DA:744,0
DA:745,0
DA:750,0
DA:752,0
DA:785,0
DA:801,0
DA:802,0
DA:803,0
DA:901,0
DA:906,0
DA:923,0
DA:932,0
DA:956,0
DA:974,0
DA:985,0
DA:1008,0
DA:1009,0
DA:1011,0
DA:1012,0
DA:1090,0
DA:1091,0
DA:1092,0
DA:1094,0
DA:1133,0
DA:1135,0
LF:193
LH:0
BRDA:39,0,0,0
BRDA:39,0,1,0
BRDA:52,1,0,0
BRDA:52,1,1,0
BRDA:64,2,0,0
BRDA:64,2,1,0
BRDA:95,3,0,0
BRDA:95,3,1,0
BRDA:96,4,0,0
BRDA:96,4,1,0
BRDA:97,5,0,0
BRDA:97,5,1,0
BRDA:98,6,0,0
BRDA:98,6,1,0
BRDA:99,7,0,0
BRDA:99,7,1,0
BRDA:100,8,0,0
BRDA:100,8,1,0
BRDA:115,9,0,0
BRDA:115,9,1,0
BRDA:115,9,2,0
BRDA:115,9,3,0
BRDA:115,9,4,0
BRDA:115,9,5,0
BRDA:115,9,6,0
BRDA:115,9,7,0
BRDA:115,9,8,0
BRDA:115,9,9,0
BRDA:115,9,10,0
BRDA:117,10,0,0
BRDA:117,10,1,0
BRDA:119,11,0,0
BRDA:119,11,1,0
BRDA:127,12,0,0
BRDA:127,12,1,0
BRDA:129,13,0,0
BRDA:129,13,1,0
BRDA:138,14,0,0
BRDA:138,14,1,0
BRDA:140,15,0,0
BRDA:140,15,1,0
BRDA:148,16,0,0
BRDA:148,16,1,0
BRDA:150,17,0,0
BRDA:150,17,1,0
BRDA:152,18,0,0
BRDA:152,18,1,0
BRDA:160,19,0,0
BRDA:160,19,1,0
BRDA:162,20,0,0
BRDA:162,20,1,0
BRDA:170,21,0,0
BRDA:170,21,1,0
BRDA:170,22,0,0
BRDA:170,22,1,0
BRDA:178,23,0,0
BRDA:178,23,1,0
BRDA:178,24,0,0
BRDA:178,24,1,0
BRDA:186,25,0,0
BRDA:186,25,1,0
BRDA:186,26,0,0
BRDA:186,26,1,0
BRDA:194,27,0,0
BRDA:194,27,1,0
BRDA:194,28,0,0
BRDA:194,28,1,0
BRDA:202,29,0,0
BRDA:202,29,1,0
BRDA:202,30,0,0
BRDA:202,30,1,0
BRDA:219,31,0,0
BRDA:219,31,1,0
BRDA:220,32,0,0
BRDA:220,32,1,0
BRDA:221,33,0,0
BRDA:221,33,1,0
BRDA:222,34,0,0
BRDA:222,34,1,0
BRDA:223,35,0,0
BRDA:223,35,1,0
BRDA:224,36,0,0
BRDA:224,36,1,0
BRDA:225,37,0,0
BRDA:225,37,1,0
BRDA:228,38,0,0
BRDA:228,38,1,0
BRDA:229,39,0,0
BRDA:229,39,1,0
BRDA:230,40,0,0
BRDA:230,40,1,0
BRDA:231,41,0,0
BRDA:231,41,1,0
BRDA:232,42,0,0
BRDA:232,42,1,0
BRDA:233,43,0,0
BRDA:233,43,1,0
BRDA:237,44,0,0
BRDA:237,44,1,0
BRDA:237,45,0,0
BRDA:237,45,1,0
BRDA:238,46,0,0
BRDA:238,46,1,0
BRDA:246,47,0,0
BRDA:246,47,1,0
BRDA:258,48,0,0
BRDA:258,48,1,0
BRDA:268,49,0,0
BRDA:268,49,1,0
BRDA:272,50,0,0
BRDA:272,50,1,0
BRDA:283,51,0,0
BRDA:283,51,1,0
BRDA:283,51,2,0
BRDA:291,52,0,0
BRDA:291,52,1,0
BRDA:291,52,2,0
BRDA:310,53,0,0
BRDA:310,53,1,0
BRDA:310,53,2,0
BRDA:318,54,0,0
BRDA:318,54,1,0
BRDA:325,55,0,0
BRDA:325,55,1,0
BRDA:332,56,0,0
BRDA:332,56,1,0
BRDA:335,57,0,0
BRDA:335,57,1,0
BRDA:370,58,0,0
BRDA:370,58,1,0
BRDA:376,59,0,0
BRDA:376,59,1,0
BRDA:399,60,0,0
BRDA:399,60,1,0
BRDA:399,61,0,0
BRDA:399,61,1,0
BRDA:406,62,0,0
BRDA:406,62,1,0
BRDA:406,62,2,0
BRDA:426,63,0,0
BRDA:426,63,1,0
BRDA:426,64,0,0
BRDA:426,64,1,0
BRDA:433,65,0,0
BRDA:433,65,1,0
BRDA:433,65,2,0
BRDA:454,66,0,0
BRDA:454,66,1,0
BRDA:454,67,0,0
BRDA:454,67,1,0
BRDA:461,68,0,0
BRDA:461,68,1,0
BRDA:461,68,2,0
BRDA:480,69,0,0
BRDA:480,69,1,0
BRDA:483,70,0,0
BRDA:483,70,1,0
BRDA:483,71,0,0
BRDA:483,71,1,0
BRDA:495,72,0,0
BRDA:495,72,1,0
BRDA:507,73,0,0
BRDA:507,73,1,0
BRDA:507,73,2,0
BRDA:525,74,0,0
BRDA:525,74,1,0
BRDA:528,75,0,0
BRDA:528,75,1,0
BRDA:528,76,0,0
BRDA:528,76,1,0
BRDA:540,77,0,0
BRDA:540,77,1,0
BRDA:552,78,0,0
BRDA:552,78,1,0
BRDA:552,78,2,0
BRDA:579,79,0,0
BRDA:579,79,1,0
BRDA:582,80,0,0
BRDA:582,80,1,0
BRDA:587,81,0,0
BRDA:587,81,1,0
BRDA:599,82,0,0
BRDA:599,82,1,0
BRDA:599,83,0,0
BRDA:599,83,1,0
BRDA:606,84,0,0
BRDA:606,84,1,0
BRDA:606,84,2,0
BRDA:624,85,0,0
BRDA:624,85,1,0
BRDA:624,86,0,0
BRDA:624,86,1,0
BRDA:637,87,0,0
BRDA:637,87,1,0
BRDA:637,87,2,0
BRDA:658,88,0,0
BRDA:658,88,1,0
BRDA:658,89,0,0
BRDA:658,89,1,0
BRDA:665,90,0,0
BRDA:665,90,1,0
BRDA:665,90,2,0
BRDA:693,91,0,0
BRDA:693,91,1,0
BRDA:703,92,0,0
BRDA:703,92,1,0
BRDA:703,93,0,0
BRDA:703,93,1,0
BRDA:715,94,0,0
BRDA:715,94,1,0
BRDA:715,94,2,0
BRDA:744,95,0,0
BRDA:744,95,1,0
BRDA:783,96,0,0
BRDA:783,96,1,0
BRDA:884,97,0,0
BRDA:884,97,1,0
BRDA:992,98,0,0
BRDA:992,98,1,0
BRDA:1009,99,0,0
BRDA:1009,99,1,0
BRDA:1041,100,0,0
BRDA:1041,100,1,0
BRDA:1053,101,0,0
BRDA:1053,101,1,0
BRDA:1091,102,0,0
BRDA:1091,102,1,0
BRDA:1105,103,0,0
BRDA:1105,103,1,0
BRDA:1119,104,0,0
BRDA:1119,104,1,0
BRDA:1147,105,0,0
BRDA:1147,105,1,0
BRDA:1148,106,0,0
BRDA:1148,106,1,0
BRDA:1149,107,0,0
BRDA:1149,107,1,0
BRDA:1150,108,0,0
BRDA:1150,108,1,0
BRF:239
BRH:0
end_of_record
TN:
SF:src\pages\StudentLoginPage.js
FN:7,(anonymous_0)
FN:20,(anonymous_1)
FN:34,(anonymous_2)
FN:36,(anonymous_3)
FN:43,(anonymous_4)
FN:50,(anonymous_5)
FN:54,(anonymous_6)
FN:78,(anonymous_7)
FN:196,(anonymous_8)
FN:233,(anonymous_9)
FN:261,(anonymous_10)
FNF:11
FNH:0
FNDA:0,(anonymous_0)
FNDA:0,(anonymous_1)
FNDA:0,(anonymous_2)
FNDA:0,(anonymous_3)
FNDA:0,(anonymous_4)
FNDA:0,(anonymous_5)
FNDA:0,(anonymous_6)
FNDA:0,(anonymous_7)
FNDA:0,(anonymous_8)
FNDA:0,(anonymous_9)
FNDA:0,(anonymous_10)
DA:7,0
DA:8,0
DA:12,0
DA:13,0
DA:14,0
DA:16,0
DA:17,0
DA:20,0
DA:21,0
DA:23,0
DA:24,0
DA:27,0
DA:28,0
DA:31,0
DA:34,0
DA:35,0
DA:36,0
DA:42,0
DA:43,0
DA:50,0
DA:51,0
DA:54,0
DA:55,0
DA:56,0
DA:59,0
DA:60,0
DA:61,0
DA:64,0
DA:66,0
DA:67,0
DA:68,0
DA:69,0
DA:71,0
DA:72,0
DA:74,0
DA:78,0
DA:79,0
DA:80,0
DA:81,0
DA:83,0
DA:84,0
DA:85,0
DA:87,0
DA:88,0
DA:90,0
DA:94,0
DA:196,0
DA:233,0
DA:261,0
LF:49
LH:0
BRDA:23,0,0,0
BRDA:23,0,1,0
BRDA:23,1,0,0
BRDA:23,1,1,0
BRDA:27,2,0,0
BRDA:27,2,1,0
BRDA:27,3,0,0
BRDA:27,3,1,0
BRDA:42,4,0,0
BRDA:42,4,1,0
BRDA:54,5,0,0
BRDA:54,5,1,0
BRDA:59,6,0,0
BRDA:59,6,1,0
BRDA:59,7,0,0
BRDA:59,7,1,0
BRDA:71,8,0,0
BRDA:71,8,1,0
BRDA:87,9,0,0
BRDA:87,9,1,0
BRDA:144,10,0,0
BRDA:144,10,1,0
BRDA:150,11,0,0
BRDA:150,11,1,0
BRDA:152,12,0,0
BRDA:152,12,1,0
BRDA:164,13,0,0
BRDA:164,13,1,0
BRDA:183,14,0,0
BRDA:183,14,1,0
BRDA:187,15,0,0
BRDA:187,15,1,0
BRDA:198,16,0,0
BRDA:198,16,1,0
BRDA:210,17,0,0
BRDA:210,17,1,0
BRDA:233,18,0,0
BRDA:233,18,1,0
BRDA:236,19,0,0
BRDA:236,19,1,0
BRDA:265,20,0,0
BRDA:265,20,1,0
BRDA:284,21,0,0
BRDA:284,21,1,0
BRF:44
BRH:0
end_of_record
TN:
SF:src\pages\StudentPage.js
FN:7,(anonymous_0)
FN:15,(anonymous_1)
FN:21,(anonymous_2)
FN:31,(anonymous_3)
FN:40,(anonymous_4)
FN:51,(anonymous_5)
FN:98,(anonymous_6)
FN:101,(anonymous_7)
FN:184,(anonymous_8)
FN:190,(anonymous_9)
FN:231,(anonymous_10)
FNF:11
FNH:0
FNDA:0,(anonymous_0)
FNDA:0,(anonymous_1)
FNDA:0,(anonymous_2)
FNDA:0,(anonymous_3)
FNDA:0,(anonymous_4)
FNDA:0,(anonymous_5)
FNDA:0,(anonymous_6)
FNDA:0,(anonymous_7)
FNDA:0,(anonymous_8)
FNDA:0,(anonymous_9)
FNDA:0,(anonymous_10)
DA:7,0
DA:8,0
DA:9,0
DA:10,0
DA:11,0
DA:12,0
DA:13,0
DA:15,0
DA:16,0
DA:17,0
DA:18,0
DA:21,0
DA:22,0
DA:23,0
DA:24,0
DA:26,0
DA:27,0
DA:31,0
DA:32,0
DA:33,0
DA:34,0
DA:36,0
DA:40,0
DA:41,0
DA:42,0
DA:43,0
DA:45,0
DA:47,0
DA:51,0
DA:52,0
DA:53,0
DA:54,0
DA:55,0
DA:56,0
DA:58,0
DA:62,0
DA:63,0
DA:70,0
DA:99,0
DA:101,0
DA:185,0
DA:190,0
DA:232,0
LF:43
LH:0
BRDA:62,0,0,0
BRDA:62,0,1,0
BRDA:103,1,0,0
BRDA:103,1,1,0
BRDA:116,2,0,0
BRDA:116,2,1,0
BRDA:116,2,2,0
BRDA:177,3,0,0
BRDA:177,3,1,0
BRDA:180,4,0,0
BRDA:180,4,1,0
BRDA:203,5,0,0
BRDA:203,5,1,0
BRDA:206,6,0,0
BRDA:206,6,1,0
BRDA:258,7,0,0
BRDA:258,7,1,0
BRDA:276,8,0,0
BRDA:276,8,1,0
BRDA:280,9,0,0
BRDA:280,9,1,0
BRDA:284,10,0,0
BRDA:284,10,1,0
BRF:23
BRH:0
end_of_record
TN:
SF:src\pages\StudentsPage.js
FN:5,(anonymous_0)
FN:10,(anonymous_1)
FN:14,(anonymous_2)
FN:84,(anonymous_3)
FNF:4
FNH:0
FNDA:0,(anonymous_0)
FNDA:0,(anonymous_1)
FNDA:0,(anonymous_2)
FNDA:0,(anonymous_3)
DA:5,0
DA:6,0
DA:7,0
DA:8,0
DA:10,0
DA:11,0
DA:14,0
DA:15,0
DA:16,0
DA:17,0
DA:18,0
DA:20,0
DA:21,0
DA:23,0
DA:27,0
DA:28,0
DA:35,0
DA:36,0
DA:43,0
DA:85,0
LF:20
LH:0
BRDA:27,0,0,0
BRDA:27,0,1,0
BRDA:35,1,0,0
BRDA:35,1,1,0
BRDA:80,2,0,0
BRDA:80,2,1,0
BRDA:91,3,0,0
BRDA:91,3,1,0
BRDA:94,4,0,0
BRDA:94,4,1,0
BRDA:97,5,0,0
BRDA:97,5,1,0
BRDA:100,6,0,0
BRDA:100,6,1,0
BRF:14
BRH:0
end_of_record
TN:
SF:src\services\api.js
FN:14,(anonymous_0)
FN:21,(anonymous_1)
FN:28,(anonymous_2)
FN:29,(anonymous_3)
FN:45,(anonymous_4)
FN:46,(anonymous_5)
FN:47,(anonymous_6)
FN:48,(anonymous_7)
FN:49,(anonymous_8)
FN:50,(anonymous_9)
FN:51,(anonymous_10)
FN:52,(anonymous_11)
FN:53,(anonymous_12)
FN:58,(anonymous_13)
FN:59,(anonymous_14)
FN:60,(anonymous_15)
FN:61,(anonymous_16)
FN:62,(anonymous_17)
FN:63,(anonymous_18)
FN:64,(anonymous_19)
FN:71,(anonymous_20)
FN:72,(anonymous_21)
FN:73,(anonymous_22)
FN:74,(anonymous_23)
FN:75,(anonymous_24)
FN:76,(anonymous_25)
FN:77,(anonymous_26)
FN:78,(anonymous_27)
FN:79,(anonymous_28)
FN:80,(anonymous_29)
FN:81,(anonymous_30)
FN:88,(anonymous_31)
FN:89,(anonymous_32)
FN:90,(anonymous_33)
FN:91,(anonymous_34)
FN:92,(anonymous_35)
FN:93,(anonymous_36)
FN:94,(anonymous_37)
FN:95,(anonymous_38)
FN:96,(anonymous_39)
FN:97,(anonymous_40)
FN:105,(anonymous_41)
FN:106,(anonymous_42)
FN:107,(anonymous_43)
FN:108,(anonymous_44)
FN:109,(anonymous_45)
FN:114,(anonymous_46)
FN:115,(anonymous_47)
FN:116,(anonymous_48)
FN:117,(anonymous_49)
FN:118,(anonymous_50)
FN:122,(anonymous_51)
FN:130,(anonymous_52)
FN:142,(anonymous_53)
FNF:54
FNH:0
FNDA:0,(anonymous_0)
FNDA:0,(anonymous_1)
FNDA:0,(anonymous_2)
FNDA:0,(anonymous_3)
FNDA:0,(anonymous_4)
FNDA:0,(anonymous_5)
FNDA:0,(anonymous_6)
FNDA:0,(anonymous_7)
FNDA:0,(anonymous_8)
FNDA:0,(anonymous_9)
FNDA:0,(anonymous_10)
FNDA:0,(anonymous_11)
FNDA:0,(anonymous_12)
FNDA:0,(anonymous_13)
FNDA:0,(anonymous_14)
FNDA:0,(anonymous_15)
FNDA:0,(anonymous_16)
FNDA:0,(anonymous_17)
FNDA:0,(anonymous_18)
FNDA:0,(anonymous_19)
FNDA:0,(anonymous_20)
FNDA:0,(anonymous_21)
FNDA:0,(anonymous_22)
FNDA:0,(anonymous_23)
FNDA:0,(anonymous_24)
FNDA:0,(anonymous_25)
FNDA:0,(anonymous_26)
FNDA:0,(anonymous_27)
FNDA:0,(anonymous_28)
FNDA:0,(anonymous_29)
FNDA:0,(anonymous_30)
FNDA:0,(anonymous_31)
FNDA:0,(anonymous_32)
FNDA:0,(anonymous_33)
FNDA:0,(anonymous_34)
FNDA:0,(anonymous_35)
FNDA:0,(anonymous_36)
FNDA:0,(anonymous_37)
FNDA:0,(anonymous_38)
FNDA:0,(anonymous_39)
FNDA:0,(anonymous_40)
FNDA:0,(anonymous_41)
FNDA:0,(anonymous_42)
FNDA:0,(anonymous_43)
FNDA:0,(anonymous_44)
FNDA:0,(anonymous_45)
FNDA:0,(anonymous_46)
FNDA:0,(anonymous_47)
FNDA:0,(anonymous_48)
FNDA:0,(anonymous_49)
FNDA:0,(anonymous_50)
FNDA:0,(anonymous_51)
FNDA:0,(anonymous_52)
FNDA:0,(anonymous_53)
DA:4,0
DA:13,0
DA:15,0
DA:16,0
DA:17,0
DA:19,0
DA:22,0
DA:27,0
DA:28,0
DA:30,0
DA:31,0
DA:32,0
DA:35,0
DA:36,0
DA:39,0
DA:44,0
DA:45,0
DA:46,0
DA:47,0
DA:48,0
DA:49,0
DA:50,0
DA:51,0
DA:52,0
DA:53,0
DA:57,0
DA:58,0
DA:59,0
DA:60,0
DA:61,0
DA:62,0
DA:63,0
DA:64,0
DA:70,0
DA:71,0
DA:72,0
DA:73,0
DA:74,0
DA:75,0
DA:76,0
DA:77,0
DA:78,0
DA:79,0
DA:80,0
DA:81,0
DA:87,0
DA:88,0
DA:89,0
DA:90,0
DA:91,0
DA:92,0
DA:93,0
DA:94,0
DA:95,0
DA:96,0
DA:97,0
DA:104,0
DA:105,0
DA:106,0
DA:107,0
DA:108,0
DA:109,0
DA:113,0
DA:114,0
DA:115,0
DA:116,0
DA:117,0
DA:118,0
DA:122,0
DA:123,0
DA:124,0
DA:126,0
DA:131,0
DA:132,0
DA:135,0
DA:142,0
DA:143,0
DA:145,0
DA:147,0
DA:149,0
DA:151,0
DA:153,0
DA:155,0
DA:157,0
DA:159,0
DA:161,0
DA:163,0
DA:165,0
DA:168,0
LF:89
LH:0
BRDA:16,0,0,0
BRDA:16,0,1,0
BRDA:30,1,0,0
BRDA:30,1,1,0
BRDA:35,2,0,0
BRDA:35,2,1,0
BRDA:131,3,0,0
BRDA:131,3,1,0
BRDA:143,4,0,0
BRDA:143,4,1,0
BRDA:147,5,0,0
BRDA:147,5,1,0
BRDA:147,5,2,0
BRDA:147,5,3,0
BRDA:147,5,4,0
BRDA:147,5,5,0
BRDA:147,5,6,0
BRDA:149,6,0,0
BRDA:149,6,1,0
BRDA:157,7,0,0
BRDA:157,7,1,0
BRDA:161,8,0,0
BRDA:161,8,1,0
BRDA:163,9,0,0
BRDA:163,9,1,0
BRDA:168,10,0,0
BRDA:168,10,1,0
BRF:27
BRH:0
end_of_record
